2023-04-12 10:45:18,549 DEBUG [main] s.nav.MyUI [MyUI.java:26] ok logger - start the app !
2023-04-12 14:03:40,299 DEBUG [main] s.nav.MyUI [MyUI.java:36] ok logger - start the app !
2023-04-12 14:04:26,572 DEBUG [main] s.nav.MyUI [MyUI.java:36] ok logger - start the app !
2023-04-12 14:29:42,531 DEBUG [main] s.nav.MyUI [MyUI.java:36] ok logger - start the app !
2023-04-12 16:20:15,038 DEBUG [main] s.nav.MyUI [MyUI.java:26] ok logger - start the app !
2023-04-12 16:20:50,536 DEBUG [main] s.nav.MyUI [MyUI.java:26] ok logger - start the app !
2023-04-12 16:38:28,671 DEBUG [main] s.nav.MyUI [MyUI.java:26] ok logger - start the app !
2023-04-12 16:38:51,817 DEBUG [main] s.nav.MyUI [MyUI.java:26] ok logger - start the app !
2023-04-12 16:44:57,710 DEBUG [main] s.nav.MyUI [MyUI.java:26] ok logger - start the app !
2023-04-12 17:19:34,260 DEBUG [main] s.nav.MyUI [MyUI.java:39] ok logger - start the app !
2023-04-12 17:25:15,295 DEBUG [main] s.nav.MyUI [MyUI.java:39] ok logger - start the app !
2023-04-12 17:25:50,439 DEBUG [main] s.nav.MyUI [MyUI.java:39] ok logger - start the app !
2023-04-12 17:26:55,976 DEBUG [main] s.nav.MyUI [MyUI.java:39] ok logger - start the app !
2023-04-12 17:27:14,783 DEBUG [main] s.nav.MyUI [MyUI.java:39] ok logger - start the app !
2023-04-12 17:30:43,859 DEBUG [main] s.nav.MyUI [MyUI.java:39] ok logger - start the app !
2023-04-12 17:34:36,653 DEBUG [main] s.nav.MyUI [MyUI.java:39] ok logger - start the app !
2023-04-12 18:52:39,281 DEBUG [main] s.nav.MyUI [MyUI.java:39] ok logger - start the app !
2023-04-12 18:55:15,307 DEBUG [main] s.nav.MyUI [MyUI.java:39] ok logger - start the app !
2023-04-12 19:08:22,585 DEBUG [JavaFX Application Thread] s.n.Controller [Controller.java:43] latitudeOnKeyPressed
2023-04-12 19:08:46,748 DEBUG [main] s.nav.MyUI [MyUI.java:39] ok logger - start the app !
2023-04-12 19:08:51,100 DEBUG [JavaFX Application Thread] s.n.Controller [Controller.java:46] latitudeOnKeyPressed
2023-04-12 19:09:56,668 DEBUG [main] s.nav.MyUI [MyUI.java:39] ok logger - start the app !
2023-04-12 19:10:33,936 DEBUG [JavaFX Application Thread] s.n.Controller [Controller.java:46] latitudeOnKeyPressed
2023-04-12 19:12:39,341 DEBUG [main] s.nav.MyUI [MyUI.java:39] ok logger - start the app !
2023-04-12 19:12:43,087 DEBUG [JavaFX Application Thread] s.n.Controller [Controller.java:46] latitudeOnKeyPressed
2023-04-12 19:12:51,867 DEBUG [JavaFX Application Thread] s.n.Controller [Controller.java:46] latitudeOnKeyPressed
2023-04-12 19:12:59,037 DEBUG [JavaFX Application Thread] s.n.Controller [Controller.java:46] latitudeOnKeyPressed
2023-04-12 19:13:02,737 DEBUG [JavaFX Application Thread] s.n.Controller [Controller.java:46] latitudeOnKeyPressed
2023-04-12 19:13:03,952 DEBUG [JavaFX Application Thread] s.n.Controller [Controller.java:46] latitudeOnKeyPressed
2023-04-12 19:13:04,863 DEBUG [JavaFX Application Thread] s.n.Controller [Controller.java:46] latitudeOnKeyPressed
2023-04-12 19:13:09,661 DEBUG [JavaFX Application Thread] s.n.Controller [Controller.java:46] latitudeOnKeyPressed
2023-04-12 19:13:12,367 DEBUG [JavaFX Application Thread] s.n.Controller [Controller.java:46] latitudeOnKeyPressed
2023-04-12 19:13:19,886 DEBUG [JavaFX Application Thread] s.n.Controller [Controller.java:46] latitudeOnKeyPressed
2023-04-12 19:13:23,868 DEBUG [JavaFX Application Thread] s.n.Controller [Controller.java:46] latitudeOnKeyPressed
2023-04-12 19:14:15,602 DEBUG [main] s.nav.MyUI [MyUI.java:39] ok logger - start the app !
2023-04-12 19:14:41,502 DEBUG [JavaFX Application Thread] s.n.Controller [Controller.java:46] latitudeOnKeyPressed
2023-04-12 19:15:01,996 DEBUG [JavaFX Application Thread] s.n.Controller [Controller.java:46] latitudeOnKeyPressed
2023-04-12 19:15:16,033 DEBUG [JavaFX Application Thread] s.n.Controller [Controller.java:46] latitudeOnKeyPressed
2023-04-12 19:16:33,662 DEBUG [JavaFX Application Thread] s.n.Controller [Controller.java:46] latitudeOnKeyPressed
2023-04-12 19:17:05,969 DEBUG [JavaFX Application Thread] s.n.Controller [Controller.java:46] latitudeOnKeyPressed
2023-04-12 19:23:10,115 DEBUG [main] s.nav.MyUI [MyUI.java:39] ok logger - start the app !
2023-04-12 19:23:14,276 DEBUG [JavaFX Application Thread] s.n.Controller [Controller.java:46] latitudeOnKeyPressed
2023-04-12 19:23:18,739 DEBUG [JavaFX Application Thread] s.n.Controller [Controller.java:46] latitudeOnKeyPressed
2023-04-12 19:23:20,195 DEBUG [JavaFX Application Thread] s.n.Controller [Controller.java:46] latitudeOnKeyPressed
2023-04-12 19:23:21,814 DEBUG [JavaFX Application Thread] s.n.Controller [Controller.java:46] latitudeOnKeyPressed
2023-04-12 19:23:30,467 DEBUG [JavaFX Application Thread] s.n.Controller [Controller.java:46] latitudeOnKeyPressed
2023-04-12 19:23:30,835 DEBUG [JavaFX Application Thread] s.n.Controller [Controller.java:46] latitudeOnKeyPressed
2023-04-12 19:23:31,858 DEBUG [JavaFX Application Thread] s.n.Controller [Controller.java:46] latitudeOnKeyPressed
2023-04-12 19:23:31,953 DEBUG [JavaFX Application Thread] s.n.Controller [Controller.java:46] latitudeOnKeyPressed
2023-04-12 19:23:35,638 DEBUG [JavaFX Application Thread] s.n.Controller [Controller.java:46] latitudeOnKeyPressed
2023-04-12 19:23:41,873 DEBUG [JavaFX Application Thread] s.n.Controller [Controller.java:46] latitudeOnKeyPressed
2023-04-12 19:23:42,320 DEBUG [JavaFX Application Thread] s.n.Controller [Controller.java:46] latitudeOnKeyPressed
2023-04-12 19:23:42,848 DEBUG [JavaFX Application Thread] s.n.Controller [Controller.java:46] latitudeOnKeyPressed
2023-04-12 19:23:43,184 DEBUG [JavaFX Application Thread] s.n.Controller [Controller.java:46] latitudeOnKeyPressed
2023-04-12 19:23:45,891 DEBUG [JavaFX Application Thread] s.n.Controller [Controller.java:46] latitudeOnKeyPressed
2023-04-12 19:23:48,243 DEBUG [JavaFX Application Thread] s.n.Controller [Controller.java:46] latitudeOnKeyPressed
2023-04-12 19:24:01,393 DEBUG [JavaFX Application Thread] s.n.Controller [Controller.java:46] latitudeOnKeyPressed
2023-04-12 19:24:01,394 ERROR [JavaFX Application Thread] s.n.Controller [Controller.java:55] Error in latitudeOnKeyPressed:
java.lang.NumberFormatException: For input string: "."
	at java.base/jdk.internal.math.FloatingDecimal.readJavaFormatString(FloatingDecimal.java:2054)
	at java.base/jdk.internal.math.FloatingDecimal.parseDouble(FloatingDecimal.java:110)
	at java.base/java.lang.Double.parseDouble(Double.java:651)
	at sfa.nav.ui/sfa.nav.model.Angle.fromString(Angle.java:108)
	at sfa.nav.ui/sfa.nav.Controller.latitudeOnKeyPressed(Controller.java:49)
	at java.base/jdk.internal.reflect.NativeMethodAccessorImpl.invoke0(Native Method)
	at java.base/jdk.internal.reflect.NativeMethodAccessorImpl.invoke(NativeMethodAccessorImpl.java:77)
	at java.base/jdk.internal.reflect.DelegatingMethodAccessorImpl.invoke(DelegatingMethodAccessorImpl.java:43)
	at java.base/java.lang.reflect.Method.invoke(Method.java:568)
	at com.sun.javafx.reflect.Trampoline.invoke(MethodUtil.java:77)
	at jdk.internal.reflect.GeneratedMethodAccessor2.invoke(Unknown Source)
	at java.base/jdk.internal.reflect.DelegatingMethodAccessorImpl.invoke(DelegatingMethodAccessorImpl.java:43)
	at java.base/java.lang.reflect.Method.invoke(Method.java:568)
	at javafx.base/com.sun.javafx.reflect.MethodUtil.invoke(MethodUtil.java:275)
	at javafx.fxml/com.sun.javafx.fxml.MethodHelper.invoke(MethodHelper.java:84)
	at javafx.fxml/javafx.fxml.FXMLLoader$MethodHandler.invoke(FXMLLoader.java:1852)
	at javafx.fxml/javafx.fxml.FXMLLoader$ControllerMethodEventHandler.handle(FXMLLoader.java:1724)
	at javafx.base/com.sun.javafx.event.CompositeEventHandler.dispatchBubblingEvent(CompositeEventHandler.java:86)
	at javafx.base/com.sun.javafx.event.EventHandlerManager.dispatchBubblingEvent(EventHandlerManager.java:234)
	at javafx.base/com.sun.javafx.event.EventHandlerManager.dispatchBubblingEvent(EventHandlerManager.java:191)
	at javafx.base/com.sun.javafx.event.CompositeEventDispatcher.dispatchBubblingEvent(CompositeEventDispatcher.java:59)
	at javafx.base/com.sun.javafx.event.BasicEventDispatcher.dispatchEvent(BasicEventDispatcher.java:58)
	at javafx.base/com.sun.javafx.event.EventDispatchChainImpl.dispatchEvent(EventDispatchChainImpl.java:114)
	at javafx.base/com.sun.javafx.event.BasicEventDispatcher.dispatchEvent(BasicEventDispatcher.java:56)
	at javafx.base/com.sun.javafx.event.EventDispatchChainImpl.dispatchEvent(EventDispatchChainImpl.java:114)
	at javafx.base/com.sun.javafx.event.BasicEventDispatcher.dispatchEvent(BasicEventDispatcher.java:56)
	at javafx.base/com.sun.javafx.event.EventDispatchChainImpl.dispatchEvent(EventDispatchChainImpl.java:114)
	at javafx.base/com.sun.javafx.event.BasicEventDispatcher.dispatchEvent(BasicEventDispatcher.java:56)
	at javafx.base/com.sun.javafx.event.EventDispatchChainImpl.dispatchEvent(EventDispatchChainImpl.java:114)
	at javafx.base/com.sun.javafx.event.EventUtil.fireEventImpl(EventUtil.java:74)
	at javafx.base/com.sun.javafx.event.EventUtil.fireEvent(EventUtil.java:54)
	at javafx.base/javafx.event.Event.fireEvent(Event.java:198)
	at javafx.graphics/javafx.scene.Scene$KeyHandler.process(Scene.java:4105)
	at javafx.graphics/javafx.scene.Scene.processKeyEvent(Scene.java:2156)
	at javafx.graphics/javafx.scene.Scene$ScenePeerListener.keyEvent(Scene.java:2630)
	at javafx.graphics/com.sun.javafx.tk.quantum.GlassViewEventHandler$KeyEventNotification.run(GlassViewEventHandler.java:218)
	at javafx.graphics/com.sun.javafx.tk.quantum.GlassViewEventHandler$KeyEventNotification.run(GlassViewEventHandler.java:150)
	at java.base/java.security.AccessController.doPrivileged(AccessController.java:399)
	at javafx.graphics/com.sun.javafx.tk.quantum.GlassViewEventHandler.lambda$handleKeyEvent$1(GlassViewEventHandler.java:250)
	at javafx.graphics/com.sun.javafx.tk.quantum.QuantumToolkit.runWithoutRenderLock(QuantumToolkit.java:424)
	at javafx.graphics/com.sun.javafx.tk.quantum.GlassViewEventHandler.handleKeyEvent(GlassViewEventHandler.java:249)
	at javafx.graphics/com.sun.glass.ui.View.handleKeyEvent(View.java:548)
	at javafx.graphics/com.sun.glass.ui.View.notifyKey(View.java:972)
	at javafx.graphics/com.sun.glass.ui.win.WinApplication._runLoop(Native Method)
	at javafx.graphics/com.sun.glass.ui.win.WinApplication.lambda$runLoop$3(WinApplication.java:184)
	at java.base/java.lang.Thread.run(Thread.java:833)
2023-04-12 19:28:24,477 DEBUG [main] s.nav.MyUI [MyUI.java:39] ok logger - start the app !
2023-04-12 19:28:29,076 DEBUG [JavaFX Application Thread] s.n.Controller [Controller.java:46] latitudeOnKeyPressed
2023-04-12 19:28:38,312 DEBUG [JavaFX Application Thread] s.n.m.Angle [Angle.java:138] Match case 4
2023-04-12 19:29:56,150 DEBUG [JavaFX Application Thread] s.n.Controller [Controller.java:46] latitudeOnKeyPressed
2023-04-12 19:30:01,059 DEBUG [JavaFX Application Thread] s.n.m.Angle [Angle.java:138] Match case 4
2023-04-12 19:30:17,027 DEBUG [JavaFX Application Thread] s.n.Controller [Controller.java:46] latitudeOnKeyPressed
2023-04-12 19:30:22,787 DEBUG [JavaFX Application Thread] s.n.m.Angle [Angle.java:111] Match case 3
2023-04-12 19:30:22,788 DEBUG [JavaFX Application Thread] s.n.m.Angle [Angle.java:113] 	group(1): 5
2023-04-12 19:30:22,791 DEBUG [JavaFX Application Thread] s.n.m.Angle [Angle.java:113] 	group(2): 5
2023-04-12 19:30:22,791 DEBUG [JavaFX Application Thread] s.n.m.Angle [Angle.java:113] 	group(3): null
2023-04-12 19:37:31,388 DEBUG [main] s.nav.MyUI [MyUI.java:39] ok logger - start the app !
2023-04-12 19:37:38,706 DEBUG [JavaFX Application Thread] s.n.Controller [Controller.java:46] latitudeOnKeyPressed
2023-04-12 19:37:44,170 DEBUG [JavaFX Application Thread] s.n.m.Angle [Angle.java:154] Match case 4
2023-04-12 19:37:44,172 DEBUG [JavaFX Application Thread] s.n.m.Angle [Angle.java:156] 	group(1): 5
2023-04-12 19:37:55,782 DEBUG [JavaFX Application Thread] s.n.Controller [Controller.java:46] latitudeOnKeyPressed
2023-04-12 19:38:00,505 DEBUG [JavaFX Application Thread] s.n.m.Angle [Angle.java:154] Match case 4
2023-04-12 19:38:00,507 DEBUG [JavaFX Application Thread] s.n.m.Angle [Angle.java:156] 	group(1): 5
2023-04-12 19:38:18,710 DEBUG [JavaFX Application Thread] s.n.Controller [Controller.java:46] latitudeOnKeyPressed
2023-04-12 19:38:18,711 DEBUG [JavaFX Application Thread] s.n.m.Angle [Angle.java:123] Match case 3
2023-04-12 19:38:18,712 DEBUG [JavaFX Application Thread] s.n.m.Angle [Angle.java:125] 	group(1): 5
2023-04-12 19:38:18,712 DEBUG [JavaFX Application Thread] s.n.m.Angle [Angle.java:125] 	group(2): 5
2023-04-12 19:38:18,712 DEBUG [JavaFX Application Thread] s.n.m.Angle [Angle.java:125] 	group(3): null
2023-04-12 19:38:18,712 DEBUG [JavaFX Application Thread] s.n.m.Angle [Angle.java:125] 	group(4): null
2023-04-12 19:39:17,354 DEBUG [JavaFX Application Thread] s.n.Controller [Controller.java:46] latitudeOnKeyPressed
2023-04-12 19:39:17,356 DEBUG [JavaFX Application Thread] s.n.m.Angle [Angle.java:123] Match case 3
2023-04-12 19:39:17,358 DEBUG [JavaFX Application Thread] s.n.m.Angle [Angle.java:125] 	group(1): 5
2023-04-12 19:39:17,358 DEBUG [JavaFX Application Thread] s.n.m.Angle [Angle.java:125] 	group(2): 05
2023-04-12 19:39:17,358 DEBUG [JavaFX Application Thread] s.n.m.Angle [Angle.java:125] 	group(3): null
2023-04-12 19:39:17,359 DEBUG [JavaFX Application Thread] s.n.m.Angle [Angle.java:125] 	group(4): null
2023-04-12 19:39:45,050 DEBUG [JavaFX Application Thread] s.n.Controller [Controller.java:46] latitudeOnKeyPressed
2023-04-12 19:39:45,052 DEBUG [JavaFX Application Thread] s.n.m.Angle [Angle.java:123] Match case 3
2023-04-12 19:39:45,052 DEBUG [JavaFX Application Thread] s.n.m.Angle [Angle.java:125] 	group(1): 5
2023-04-12 19:39:45,053 DEBUG [JavaFX Application Thread] s.n.m.Angle [Angle.java:125] 	group(2): 05
2023-04-12 19:39:45,053 DEBUG [JavaFX Application Thread] s.n.m.Angle [Angle.java:125] 	group(3): .
2023-04-12 19:39:45,054 DEBUG [JavaFX Application Thread] s.n.m.Angle [Angle.java:125] 	group(4): 
2023-04-12 19:40:14,704 ERROR [JavaFX Application Thread] s.n.Controller [Controller.java:55] Error in latitudeOnKeyPressed:
java.lang.NumberFormatException: For input string: "."
	at java.base/jdk.internal.math.FloatingDecimal.readJavaFormatString(FloatingDecimal.java:2054)
	at java.base/jdk.internal.math.FloatingDecimal.parseDouble(FloatingDecimal.java:110)
	at java.base/java.lang.Double.parseDouble(Double.java:651)
	at sfa.nav.ui/sfa.nav.model.Angle.fromString(Angle.java:143)
	at sfa.nav.ui/sfa.nav.Controller.latitudeOnKeyPressed(Controller.java:49)
	at java.base/jdk.internal.reflect.NativeMethodAccessorImpl.invoke0(Native Method)
	at java.base/jdk.internal.reflect.NativeMethodAccessorImpl.invoke(NativeMethodAccessorImpl.java:77)
	at java.base/jdk.internal.reflect.DelegatingMethodAccessorImpl.invoke(DelegatingMethodAccessorImpl.java:43)
	at java.base/java.lang.reflect.Method.invoke(Method.java:568)
	at com.sun.javafx.reflect.Trampoline.invoke(MethodUtil.java:77)
	at jdk.internal.reflect.GeneratedMethodAccessor2.invoke(Unknown Source)
	at java.base/jdk.internal.reflect.DelegatingMethodAccessorImpl.invoke(DelegatingMethodAccessorImpl.java:43)
	at java.base/java.lang.reflect.Method.invoke(Method.java:568)
	at javafx.base/com.sun.javafx.reflect.MethodUtil.invoke(MethodUtil.java:275)
	at javafx.fxml/com.sun.javafx.fxml.MethodHelper.invoke(MethodHelper.java:84)
	at javafx.fxml/javafx.fxml.FXMLLoader$MethodHandler.invoke(FXMLLoader.java:1852)
	at javafx.fxml/javafx.fxml.FXMLLoader$ControllerMethodEventHandler.handle(FXMLLoader.java:1724)
	at javafx.base/com.sun.javafx.event.CompositeEventHandler.dispatchBubblingEvent(CompositeEventHandler.java:86)
	at javafx.base/com.sun.javafx.event.EventHandlerManager.dispatchBubblingEvent(EventHandlerManager.java:234)
	at javafx.base/com.sun.javafx.event.EventHandlerManager.dispatchBubblingEvent(EventHandlerManager.java:191)
	at javafx.base/com.sun.javafx.event.CompositeEventDispatcher.dispatchBubblingEvent(CompositeEventDispatcher.java:59)
	at javafx.base/com.sun.javafx.event.BasicEventDispatcher.dispatchEvent(BasicEventDispatcher.java:58)
	at javafx.base/com.sun.javafx.event.EventDispatchChainImpl.dispatchEvent(EventDispatchChainImpl.java:114)
	at javafx.base/com.sun.javafx.event.BasicEventDispatcher.dispatchEvent(BasicEventDispatcher.java:56)
	at javafx.base/com.sun.javafx.event.EventDispatchChainImpl.dispatchEvent(EventDispatchChainImpl.java:114)
	at javafx.base/com.sun.javafx.event.BasicEventDispatcher.dispatchEvent(BasicEventDispatcher.java:56)
	at javafx.base/com.sun.javafx.event.EventDispatchChainImpl.dispatchEvent(EventDispatchChainImpl.java:114)
	at javafx.base/com.sun.javafx.event.BasicEventDispatcher.dispatchEvent(BasicEventDispatcher.java:56)
	at javafx.base/com.sun.javafx.event.EventDispatchChainImpl.dispatchEvent(EventDispatchChainImpl.java:114)
	at javafx.base/com.sun.javafx.event.EventUtil.fireEventImpl(EventUtil.java:74)
	at javafx.base/com.sun.javafx.event.EventUtil.fireEvent(EventUtil.java:54)
	at javafx.base/javafx.event.Event.fireEvent(Event.java:198)
	at javafx.graphics/javafx.scene.Scene$KeyHandler.process(Scene.java:4105)
	at javafx.graphics/javafx.scene.Scene.processKeyEvent(Scene.java:2156)
	at javafx.graphics/javafx.scene.Scene$ScenePeerListener.keyEvent(Scene.java:2630)
	at javafx.graphics/com.sun.javafx.tk.quantum.GlassViewEventHandler$KeyEventNotification.run(GlassViewEventHandler.java:218)
	at javafx.graphics/com.sun.javafx.tk.quantum.GlassViewEventHandler$KeyEventNotification.run(GlassViewEventHandler.java:150)
	at java.base/java.security.AccessController.doPrivileged(AccessController.java:399)
	at javafx.graphics/com.sun.javafx.tk.quantum.GlassViewEventHandler.lambda$handleKeyEvent$1(GlassViewEventHandler.java:250)
	at javafx.graphics/com.sun.javafx.tk.quantum.QuantumToolkit.runWithoutRenderLock(QuantumToolkit.java:424)
	at javafx.graphics/com.sun.javafx.tk.quantum.GlassViewEventHandler.handleKeyEvent(GlassViewEventHandler.java:249)
	at javafx.graphics/com.sun.glass.ui.View.handleKeyEvent(View.java:548)
	at javafx.graphics/com.sun.glass.ui.View.notifyKey(View.java:972)
	at javafx.graphics/com.sun.glass.ui.win.WinApplication._runLoop(Native Method)
	at javafx.graphics/com.sun.glass.ui.win.WinApplication.lambda$runLoop$3(WinApplication.java:184)
	at java.base/java.lang.Thread.run(Thread.java:833)
2023-04-12 19:44:01,014 DEBUG [main] s.nav.MyUI [MyUI.java:39] ok logger - start the app !
2023-04-12 19:44:07,986 DEBUG [JavaFX Application Thread] s.n.Controller [Controller.java:46] latitudeOnKeyPressed
2023-04-12 19:44:08,009 ERROR [JavaFX Application Thread] s.n.Controller [Controller.java:55] Error in latitudeOnKeyPressed:
java.util.regex.PatternSyntaxException: Unmatched closing ')' near index 27
^([0-9]*)°([0-9]+)\.([0-9]*))?[\"']?$
                           ^
	at java.base/java.util.regex.Pattern.error(Pattern.java:2028)
	at java.base/java.util.regex.Pattern.compile(Pattern.java:1787)
	at java.base/java.util.regex.Pattern.<init>(Pattern.java:1430)
	at java.base/java.util.regex.Pattern.compile(Pattern.java:1069)
	at sfa.nav.ui/sfa.nav.model.Angle.fromString(Angle.java:48)
	at sfa.nav.ui/sfa.nav.Controller.latitudeOnKeyPressed(Controller.java:49)
	at java.base/jdk.internal.reflect.NativeMethodAccessorImpl.invoke0(Native Method)
	at java.base/jdk.internal.reflect.NativeMethodAccessorImpl.invoke(NativeMethodAccessorImpl.java:77)
	at java.base/jdk.internal.reflect.DelegatingMethodAccessorImpl.invoke(DelegatingMethodAccessorImpl.java:43)
	at java.base/java.lang.reflect.Method.invoke(Method.java:568)
	at com.sun.javafx.reflect.Trampoline.invoke(MethodUtil.java:77)
	at jdk.internal.reflect.GeneratedMethodAccessor2.invoke(Unknown Source)
	at java.base/jdk.internal.reflect.DelegatingMethodAccessorImpl.invoke(DelegatingMethodAccessorImpl.java:43)
	at java.base/java.lang.reflect.Method.invoke(Method.java:568)
	at javafx.base/com.sun.javafx.reflect.MethodUtil.invoke(MethodUtil.java:275)
	at javafx.fxml/com.sun.javafx.fxml.MethodHelper.invoke(MethodHelper.java:84)
	at javafx.fxml/javafx.fxml.FXMLLoader$MethodHandler.invoke(FXMLLoader.java:1852)
	at javafx.fxml/javafx.fxml.FXMLLoader$ControllerMethodEventHandler.handle(FXMLLoader.java:1724)
	at javafx.base/com.sun.javafx.event.CompositeEventHandler.dispatchBubblingEvent(CompositeEventHandler.java:86)
	at javafx.base/com.sun.javafx.event.EventHandlerManager.dispatchBubblingEvent(EventHandlerManager.java:234)
	at javafx.base/com.sun.javafx.event.EventHandlerManager.dispatchBubblingEvent(EventHandlerManager.java:191)
	at javafx.base/com.sun.javafx.event.CompositeEventDispatcher.dispatchBubblingEvent(CompositeEventDispatcher.java:59)
	at javafx.base/com.sun.javafx.event.BasicEventDispatcher.dispatchEvent(BasicEventDispatcher.java:58)
	at javafx.base/com.sun.javafx.event.EventDispatchChainImpl.dispatchEvent(EventDispatchChainImpl.java:114)
	at javafx.base/com.sun.javafx.event.BasicEventDispatcher.dispatchEvent(BasicEventDispatcher.java:56)
	at javafx.base/com.sun.javafx.event.EventDispatchChainImpl.dispatchEvent(EventDispatchChainImpl.java:114)
	at javafx.base/com.sun.javafx.event.BasicEventDispatcher.dispatchEvent(BasicEventDispatcher.java:56)
	at javafx.base/com.sun.javafx.event.EventDispatchChainImpl.dispatchEvent(EventDispatchChainImpl.java:114)
	at javafx.base/com.sun.javafx.event.BasicEventDispatcher.dispatchEvent(BasicEventDispatcher.java:56)
	at javafx.base/com.sun.javafx.event.EventDispatchChainImpl.dispatchEvent(EventDispatchChainImpl.java:114)
	at javafx.base/com.sun.javafx.event.EventUtil.fireEventImpl(EventUtil.java:74)
	at javafx.base/com.sun.javafx.event.EventUtil.fireEvent(EventUtil.java:54)
	at javafx.base/javafx.event.Event.fireEvent(Event.java:198)
	at javafx.graphics/javafx.scene.Scene$KeyHandler.process(Scene.java:4105)
	at javafx.graphics/javafx.scene.Scene.processKeyEvent(Scene.java:2156)
	at javafx.graphics/javafx.scene.Scene$ScenePeerListener.keyEvent(Scene.java:2630)
	at javafx.graphics/com.sun.javafx.tk.quantum.GlassViewEventHandler$KeyEventNotification.run(GlassViewEventHandler.java:218)
	at javafx.graphics/com.sun.javafx.tk.quantum.GlassViewEventHandler$KeyEventNotification.run(GlassViewEventHandler.java:150)
	at java.base/java.security.AccessController.doPrivileged(AccessController.java:399)
	at javafx.graphics/com.sun.javafx.tk.quantum.GlassViewEventHandler.lambda$handleKeyEvent$1(GlassViewEventHandler.java:250)
	at javafx.graphics/com.sun.javafx.tk.quantum.QuantumToolkit.runWithoutRenderLock(QuantumToolkit.java:424)
	at javafx.graphics/com.sun.javafx.tk.quantum.GlassViewEventHandler.handleKeyEvent(GlassViewEventHandler.java:249)
	at javafx.graphics/com.sun.glass.ui.View.handleKeyEvent(View.java:548)
	at javafx.graphics/com.sun.glass.ui.View.notifyKey(View.java:972)
	at javafx.graphics/com.sun.glass.ui.win.WinApplication._runLoop(Native Method)
	at javafx.graphics/com.sun.glass.ui.win.WinApplication.lambda$runLoop$3(WinApplication.java:184)
	at java.base/java.lang.Thread.run(Thread.java:833)
2023-04-12 19:45:06,053 DEBUG [main] s.nav.MyUI [MyUI.java:39] ok logger - start the app !
2023-04-12 19:45:11,258 DEBUG [JavaFX Application Thread] s.n.Controller [Controller.java:46] latitudeOnKeyPressed
2023-04-12 19:45:11,273 DEBUG [JavaFX Application Thread] s.n.m.Angle [Angle.java:152] Match case 4
2023-04-12 19:45:11,273 DEBUG [JavaFX Application Thread] s.n.m.Angle [Angle.java:154] 	group(1): 5
2023-04-12 19:45:23,357 DEBUG [JavaFX Application Thread] s.n.Controller [Controller.java:46] latitudeOnKeyPressed
2023-04-12 19:45:23,358 DEBUG [JavaFX Application Thread] s.n.m.Angle [Angle.java:152] Match case 4
2023-04-12 19:45:23,359 DEBUG [JavaFX Application Thread] s.n.m.Angle [Angle.java:154] 	group(1): 5.
2023-04-12 19:45:25,951 DEBUG [JavaFX Application Thread] s.n.Controller [Controller.java:46] latitudeOnKeyPressed
2023-04-12 19:45:25,952 DEBUG [JavaFX Application Thread] s.n.m.Angle [Angle.java:152] Match case 4
2023-04-12 19:45:25,953 DEBUG [JavaFX Application Thread] s.n.m.Angle [Angle.java:154] 	group(1): 5.5
2023-04-12 19:45:30,313 DEBUG [JavaFX Application Thread] s.n.Controller [Controller.java:46] latitudeOnKeyPressed
2023-04-12 19:45:30,314 DEBUG [JavaFX Application Thread] s.n.m.Angle [Angle.java:152] Match case 4
2023-04-12 19:45:30,314 DEBUG [JavaFX Application Thread] s.n.m.Angle [Angle.java:154] 	group(1): 5.50
2023-04-12 19:45:30,748 DEBUG [JavaFX Application Thread] s.n.Controller [Controller.java:46] latitudeOnKeyPressed
2023-04-12 19:45:30,750 DEBUG [JavaFX Application Thread] s.n.m.Angle [Angle.java:152] Match case 4
2023-04-12 19:45:30,751 DEBUG [JavaFX Application Thread] s.n.m.Angle [Angle.java:154] 	group(1): 5.500
2023-04-12 19:45:36,044 DEBUG [JavaFX Application Thread] s.n.Controller [Controller.java:46] latitudeOnKeyPressed
2023-04-12 19:45:36,045 DEBUG [JavaFX Application Thread] s.n.m.Angle [Angle.java:152] Match case 4
2023-04-12 19:45:36,046 DEBUG [JavaFX Application Thread] s.n.m.Angle [Angle.java:154] 	group(1): 5.50
2023-04-12 19:45:36,331 DEBUG [JavaFX Application Thread] s.n.Controller [Controller.java:46] latitudeOnKeyPressed
2023-04-12 19:45:36,333 DEBUG [JavaFX Application Thread] s.n.m.Angle [Angle.java:152] Match case 4
2023-04-12 19:45:36,334 DEBUG [JavaFX Application Thread] s.n.m.Angle [Angle.java:154] 	group(1): 5.5
2023-04-12 19:45:36,536 DEBUG [JavaFX Application Thread] s.n.Controller [Controller.java:46] latitudeOnKeyPressed
2023-04-12 19:45:36,537 DEBUG [JavaFX Application Thread] s.n.m.Angle [Angle.java:152] Match case 4
2023-04-12 19:45:36,537 DEBUG [JavaFX Application Thread] s.n.m.Angle [Angle.java:154] 	group(1): 5.
2023-04-12 19:45:36,859 DEBUG [JavaFX Application Thread] s.n.Controller [Controller.java:46] latitudeOnKeyPressed
2023-04-12 19:45:36,861 DEBUG [JavaFX Application Thread] s.n.m.Angle [Angle.java:152] Match case 4
2023-04-12 19:45:36,862 DEBUG [JavaFX Application Thread] s.n.m.Angle [Angle.java:154] 	group(1): 5
2023-04-12 19:45:39,051 DEBUG [JavaFX Application Thread] s.n.Controller [Controller.java:46] latitudeOnKeyPressed
2023-04-12 19:45:39,053 DEBUG [JavaFX Application Thread] s.n.m.Angle [Angle.java:152] Match case 4
2023-04-12 19:45:39,053 DEBUG [JavaFX Application Thread] s.n.m.Angle [Angle.java:154] 	group(1): 5
2023-04-12 19:45:45,322 DEBUG [JavaFX Application Thread] s.n.Controller [Controller.java:46] latitudeOnKeyPressed
2023-04-12 19:45:47,933 DEBUG [JavaFX Application Thread] s.n.Controller [Controller.java:46] latitudeOnKeyPressed
2023-04-12 19:47:30,061 DEBUG [JavaFX Application Thread] s.n.Controller [Controller.java:46] latitudeOnKeyPressed
2023-04-12 19:47:49,802 DEBUG [JavaFX Application Thread] s.n.Controller [Controller.java:46] latitudeOnKeyPressed
2023-04-12 19:48:00,686 DEBUG [JavaFX Application Thread] s.n.Controller [Controller.java:46] latitudeOnKeyPressed
2023-04-12 19:48:29,130 DEBUG [JavaFX Application Thread] s.n.Controller [Controller.java:46] latitudeOnKeyPressed
2023-04-12 19:49:01,502 DEBUG [JavaFX Application Thread] s.n.Controller [Controller.java:46] latitudeOnKeyPressed
2023-04-12 19:52:06,624 DEBUG [main] s.nav.MyUI [MyUI.java:39] ok logger - start the app !
2023-04-12 19:52:14,398 DEBUG [JavaFX Application Thread] s.n.Controller [Controller.java:46] latitudeOnKeyPressed
2023-04-12 19:52:14,400 DEBUG [JavaFX Application Thread] s.n.m.Angle [Angle.java:182] Match case 4
2023-04-12 19:52:14,401 DEBUG [JavaFX Application Thread] s.n.m.Angle [Angle.java:184] 	group(1): 5
2023-04-12 19:52:17,471 DEBUG [JavaFX Application Thread] s.n.Controller [Controller.java:46] latitudeOnKeyPressed
2023-04-12 19:52:17,474 DEBUG [JavaFX Application Thread] s.n.m.Angle [Angle.java:182] Match case 4
2023-04-12 19:52:17,475 DEBUG [JavaFX Application Thread] s.n.m.Angle [Angle.java:184] 	group(1): 5
2023-04-12 19:52:23,227 DEBUG [JavaFX Application Thread] s.n.Controller [Controller.java:46] latitudeOnKeyPressed
2023-04-12 19:52:23,227 DEBUG [JavaFX Application Thread] s.n.m.Angle [Angle.java:158] Match case 3.5
2023-04-12 19:52:23,227 DEBUG [JavaFX Application Thread] s.n.m.Angle [Angle.java:160] 	group(1): 5
2023-04-12 19:52:23,228 DEBUG [JavaFX Application Thread] s.n.m.Angle [Angle.java:160] 	group(2): 5
2023-04-12 19:52:28,780 DEBUG [JavaFX Application Thread] s.n.Controller [Controller.java:46] latitudeOnKeyPressed
2023-04-12 19:52:28,780 DEBUG [JavaFX Application Thread] s.n.m.Angle [Angle.java:158] Match case 3.5
2023-04-12 19:52:28,780 DEBUG [JavaFX Application Thread] s.n.m.Angle [Angle.java:160] 	group(1): 5
2023-04-12 19:52:28,781 DEBUG [JavaFX Application Thread] s.n.m.Angle [Angle.java:160] 	group(2): 05
2023-04-12 19:52:30,123 DEBUG [JavaFX Application Thread] s.n.Controller [Controller.java:46] latitudeOnKeyPressed
2023-04-12 19:52:30,124 DEBUG [JavaFX Application Thread] s.n.m.Angle [Angle.java:158] Match case 3.5
2023-04-12 19:52:30,125 DEBUG [JavaFX Application Thread] s.n.m.Angle [Angle.java:160] 	group(1): 5
2023-04-12 19:52:30,125 DEBUG [JavaFX Application Thread] s.n.m.Angle [Angle.java:160] 	group(2): 5
2023-04-12 19:52:31,358 DEBUG [JavaFX Application Thread] s.n.Controller [Controller.java:46] latitudeOnKeyPressed
2023-04-12 19:52:31,359 DEBUG [JavaFX Application Thread] s.n.m.Angle [Angle.java:158] Match case 3.5
2023-04-12 19:52:31,360 DEBUG [JavaFX Application Thread] s.n.m.Angle [Angle.java:160] 	group(1): 5
2023-04-12 19:52:31,361 DEBUG [JavaFX Application Thread] s.n.m.Angle [Angle.java:160] 	group(2): 50
2023-04-12 19:52:41,856 DEBUG [JavaFX Application Thread] s.n.Controller [Controller.java:46] latitudeOnKeyPressed
2023-04-12 19:52:41,858 DEBUG [JavaFX Application Thread] s.n.m.Angle [Angle.java:129] Match case 3
2023-04-12 19:52:41,860 DEBUG [JavaFX Application Thread] s.n.m.Angle [Angle.java:131] 	group(1): 5
2023-04-12 19:52:41,861 DEBUG [JavaFX Application Thread] s.n.m.Angle [Angle.java:131] 	group(2): 50
2023-04-12 19:52:41,862 DEBUG [JavaFX Application Thread] s.n.m.Angle [Angle.java:131] 	group(3): 
2023-04-12 19:52:47,198 DEBUG [JavaFX Application Thread] s.n.Controller [Controller.java:46] latitudeOnKeyPressed
2023-04-12 19:52:47,200 DEBUG [JavaFX Application Thread] s.n.m.Angle [Angle.java:129] Match case 3
2023-04-12 19:52:47,202 DEBUG [JavaFX Application Thread] s.n.m.Angle [Angle.java:131] 	group(1): 5
2023-04-12 19:52:47,203 DEBUG [JavaFX Application Thread] s.n.m.Angle [Angle.java:131] 	group(2): 50
2023-04-12 19:52:47,204 DEBUG [JavaFX Application Thread] s.n.m.Angle [Angle.java:131] 	group(3): 9
2023-04-12 19:52:47,373 DEBUG [JavaFX Application Thread] s.n.Controller [Controller.java:46] latitudeOnKeyPressed
2023-04-12 19:52:47,374 DEBUG [JavaFX Application Thread] s.n.m.Angle [Angle.java:129] Match case 3
2023-04-12 19:52:47,374 DEBUG [JavaFX Application Thread] s.n.m.Angle [Angle.java:131] 	group(1): 5
2023-04-12 19:52:47,375 DEBUG [JavaFX Application Thread] s.n.m.Angle [Angle.java:131] 	group(2): 50
2023-04-12 19:52:47,375 DEBUG [JavaFX Application Thread] s.n.m.Angle [Angle.java:131] 	group(3): 99
2023-04-12 19:52:54,975 DEBUG [JavaFX Application Thread] s.n.Controller [Controller.java:46] latitudeOnKeyPressed
2023-04-12 19:52:54,977 DEBUG [JavaFX Application Thread] s.n.m.Angle [Angle.java:129] Match case 3
2023-04-12 19:52:54,978 DEBUG [JavaFX Application Thread] s.n.m.Angle [Angle.java:131] 	group(1): 5
2023-04-12 19:52:54,979 DEBUG [JavaFX Application Thread] s.n.m.Angle [Angle.java:131] 	group(2): 50
2023-04-12 19:52:54,981 DEBUG [JavaFX Application Thread] s.n.m.Angle [Angle.java:131] 	group(3): 9
2023-04-12 19:52:58,954 DEBUG [JavaFX Application Thread] s.n.Controller [Controller.java:46] latitudeOnKeyPressed
2023-04-12 19:52:58,955 DEBUG [JavaFX Application Thread] s.n.m.Angle [Angle.java:129] Match case 3
2023-04-12 19:52:58,955 DEBUG [JavaFX Application Thread] s.n.m.Angle [Angle.java:131] 	group(1): 5
2023-04-12 19:52:58,955 DEBUG [JavaFX Application Thread] s.n.m.Angle [Angle.java:131] 	group(2): 50
2023-04-12 19:52:58,956 DEBUG [JavaFX Application Thread] s.n.m.Angle [Angle.java:131] 	group(3): 
2023-04-12 19:53:04,508 DEBUG [JavaFX Application Thread] s.n.Controller [Controller.java:46] latitudeOnKeyPressed
2023-04-12 19:53:04,508 DEBUG [JavaFX Application Thread] s.n.m.Angle [Angle.java:129] Match case 3
2023-04-12 19:53:04,509 DEBUG [JavaFX Application Thread] s.n.m.Angle [Angle.java:131] 	group(1): 5
2023-04-12 19:53:04,509 DEBUG [JavaFX Application Thread] s.n.m.Angle [Angle.java:131] 	group(2): 50
2023-04-12 19:53:04,509 DEBUG [JavaFX Application Thread] s.n.m.Angle [Angle.java:131] 	group(3): 9
2023-04-12 19:53:04,846 DEBUG [JavaFX Application Thread] s.n.Controller [Controller.java:46] latitudeOnKeyPressed
2023-04-12 19:53:04,848 DEBUG [JavaFX Application Thread] s.n.m.Angle [Angle.java:129] Match case 3
2023-04-12 19:53:04,851 DEBUG [JavaFX Application Thread] s.n.m.Angle [Angle.java:131] 	group(1): 5
2023-04-12 19:53:04,852 DEBUG [JavaFX Application Thread] s.n.m.Angle [Angle.java:131] 	group(2): 50
2023-04-12 19:53:04,852 DEBUG [JavaFX Application Thread] s.n.m.Angle [Angle.java:131] 	group(3): 99
2023-04-12 19:53:12,939 DEBUG [JavaFX Application Thread] s.n.Controller [Controller.java:46] latitudeOnKeyPressed
2023-04-12 19:53:12,940 DEBUG [JavaFX Application Thread] s.n.m.Angle [Angle.java:129] Match case 3
2023-04-12 19:53:12,940 DEBUG [JavaFX Application Thread] s.n.m.Angle [Angle.java:131] 	group(1): 5
2023-04-12 19:53:12,940 DEBUG [JavaFX Application Thread] s.n.m.Angle [Angle.java:131] 	group(2): 50
2023-04-12 19:53:12,948 DEBUG [JavaFX Application Thread] s.n.m.Angle [Angle.java:131] 	group(3): 9
2023-04-12 19:53:13,711 DEBUG [JavaFX Application Thread] s.n.Controller [Controller.java:46] latitudeOnKeyPressed
2023-04-12 19:53:13,714 DEBUG [JavaFX Application Thread] s.n.m.Angle [Angle.java:129] Match case 3
2023-04-12 19:53:13,715 DEBUG [JavaFX Application Thread] s.n.m.Angle [Angle.java:131] 	group(1): 5
2023-04-12 19:53:13,716 DEBUG [JavaFX Application Thread] s.n.m.Angle [Angle.java:131] 	group(2): 50
2023-04-12 19:53:13,716 DEBUG [JavaFX Application Thread] s.n.m.Angle [Angle.java:131] 	group(3): 
2023-04-12 19:55:14,624 DEBUG [main] s.nav.MyUI [MyUI.java:39] ok logger - start the app !
2023-04-12 19:55:18,582 DEBUG [JavaFX Application Thread] s.n.Controller [Controller.java:46] latitudeOnKeyPressed
2023-04-12 19:55:18,587 DEBUG [JavaFX Application Thread] s.n.m.Angle [Angle.java:181] Match case 4
2023-04-12 19:55:18,587 DEBUG [JavaFX Application Thread] s.n.m.Angle [Angle.java:183] 	group(1): 5
2023-04-12 19:55:20,738 DEBUG [JavaFX Application Thread] s.n.Controller [Controller.java:46] latitudeOnKeyPressed
2023-04-12 19:55:20,742 DEBUG [JavaFX Application Thread] s.n.m.Angle [Angle.java:181] Match case 4
2023-04-12 19:55:20,744 DEBUG [JavaFX Application Thread] s.n.m.Angle [Angle.java:183] 	group(1): 5
2023-04-12 19:55:22,541 DEBUG [JavaFX Application Thread] s.n.Controller [Controller.java:46] latitudeOnKeyPressed
2023-04-12 19:55:22,541 DEBUG [JavaFX Application Thread] s.n.m.Angle [Angle.java:157] Match case 3.5
2023-04-12 19:55:22,541 DEBUG [JavaFX Application Thread] s.n.m.Angle [Angle.java:159] 	group(1): 5
2023-04-12 19:55:22,541 DEBUG [JavaFX Application Thread] s.n.m.Angle [Angle.java:159] 	group(2): 5
2023-04-12 19:55:23,728 DEBUG [JavaFX Application Thread] s.n.Controller [Controller.java:46] latitudeOnKeyPressed
2023-04-12 19:55:23,730 DEBUG [JavaFX Application Thread] s.n.m.Angle [Angle.java:157] Match case 3.5
2023-04-12 19:55:23,732 DEBUG [JavaFX Application Thread] s.n.m.Angle [Angle.java:159] 	group(1): 5
2023-04-12 19:55:23,733 DEBUG [JavaFX Application Thread] s.n.m.Angle [Angle.java:159] 	group(2): 55
2023-04-12 19:55:27,968 DEBUG [JavaFX Application Thread] s.n.Controller [Controller.java:46] latitudeOnKeyPressed
2023-04-12 19:55:27,970 DEBUG [JavaFX Application Thread] s.n.m.Angle [Angle.java:129] Match case 3
2023-04-12 19:55:27,971 DEBUG [JavaFX Application Thread] s.n.m.Angle [Angle.java:131] 	group(1): 5
2023-04-12 19:55:27,972 DEBUG [JavaFX Application Thread] s.n.m.Angle [Angle.java:131] 	group(2): 55
2023-04-12 19:55:27,973 DEBUG [JavaFX Application Thread] s.n.m.Angle [Angle.java:131] 	group(3): 
2023-04-12 19:55:36,833 DEBUG [JavaFX Application Thread] s.n.Controller [Controller.java:46] latitudeOnKeyPressed
2023-04-12 19:55:36,833 DEBUG [JavaFX Application Thread] s.n.m.Angle [Angle.java:129] Match case 3
2023-04-12 19:55:36,835 DEBUG [JavaFX Application Thread] s.n.m.Angle [Angle.java:131] 	group(1): 5
2023-04-12 19:55:36,836 DEBUG [JavaFX Application Thread] s.n.m.Angle [Angle.java:131] 	group(2): 55
2023-04-12 19:55:36,837 DEBUG [JavaFX Application Thread] s.n.m.Angle [Angle.java:131] 	group(3): 5
2023-04-12 19:55:37,052 DEBUG [JavaFX Application Thread] s.n.Controller [Controller.java:46] latitudeOnKeyPressed
2023-04-12 19:55:37,053 DEBUG [JavaFX Application Thread] s.n.m.Angle [Angle.java:129] Match case 3
2023-04-12 19:55:37,053 DEBUG [JavaFX Application Thread] s.n.m.Angle [Angle.java:131] 	group(1): 5
2023-04-12 19:55:37,053 DEBUG [JavaFX Application Thread] s.n.m.Angle [Angle.java:131] 	group(2): 55
2023-04-12 19:55:37,054 DEBUG [JavaFX Application Thread] s.n.m.Angle [Angle.java:131] 	group(3): 58
2023-04-12 19:55:37,282 DEBUG [JavaFX Application Thread] s.n.Controller [Controller.java:46] latitudeOnKeyPressed
2023-04-12 19:55:37,284 DEBUG [JavaFX Application Thread] s.n.m.Angle [Angle.java:129] Match case 3
2023-04-12 19:55:37,285 DEBUG [JavaFX Application Thread] s.n.m.Angle [Angle.java:131] 	group(1): 5
2023-04-12 19:55:37,286 DEBUG [JavaFX Application Thread] s.n.m.Angle [Angle.java:131] 	group(2): 55
2023-04-12 19:55:37,286 DEBUG [JavaFX Application Thread] s.n.m.Angle [Angle.java:131] 	group(3): 585
2023-04-12 19:55:52,655 DEBUG [JavaFX Application Thread] s.n.Controller [Controller.java:46] latitudeOnKeyPressed
2023-04-12 19:55:52,657 DEBUG [JavaFX Application Thread] s.n.m.Angle [Angle.java:129] Match case 3
2023-04-12 19:55:52,658 DEBUG [JavaFX Application Thread] s.n.m.Angle [Angle.java:131] 	group(1): 5
2023-04-12 19:55:52,658 DEBUG [JavaFX Application Thread] s.n.m.Angle [Angle.java:131] 	group(2): 55
2023-04-12 19:55:52,658 DEBUG [JavaFX Application Thread] s.n.m.Angle [Angle.java:131] 	group(3): 58
2023-04-12 19:55:53,068 DEBUG [JavaFX Application Thread] s.n.Controller [Controller.java:46] latitudeOnKeyPressed
2023-04-12 19:55:53,068 DEBUG [JavaFX Application Thread] s.n.m.Angle [Angle.java:129] Match case 3
2023-04-12 19:55:53,069 DEBUG [JavaFX Application Thread] s.n.m.Angle [Angle.java:131] 	group(1): 5
2023-04-12 19:55:53,069 DEBUG [JavaFX Application Thread] s.n.m.Angle [Angle.java:131] 	group(2): 55
2023-04-12 19:55:53,070 DEBUG [JavaFX Application Thread] s.n.m.Angle [Angle.java:131] 	group(3): 5
2023-04-12 19:55:53,388 DEBUG [JavaFX Application Thread] s.n.Controller [Controller.java:46] latitudeOnKeyPressed
2023-04-12 19:55:53,389 DEBUG [JavaFX Application Thread] s.n.m.Angle [Angle.java:129] Match case 3
2023-04-12 19:55:53,389 DEBUG [JavaFX Application Thread] s.n.m.Angle [Angle.java:131] 	group(1): 5
2023-04-12 19:55:53,390 DEBUG [JavaFX Application Thread] s.n.m.Angle [Angle.java:131] 	group(2): 55
2023-04-12 19:55:53,390 DEBUG [JavaFX Application Thread] s.n.m.Angle [Angle.java:131] 	group(3): 
2023-04-12 19:55:53,888 DEBUG [JavaFX Application Thread] s.n.Controller [Controller.java:46] latitudeOnKeyPressed
2023-04-12 19:55:53,889 DEBUG [JavaFX Application Thread] s.n.m.Angle [Angle.java:157] Match case 3.5
2023-04-12 19:55:53,889 DEBUG [JavaFX Application Thread] s.n.m.Angle [Angle.java:159] 	group(1): 5
2023-04-12 19:55:53,889 DEBUG [JavaFX Application Thread] s.n.m.Angle [Angle.java:159] 	group(2): 55
2023-04-12 19:55:56,015 DEBUG [JavaFX Application Thread] s.n.Controller [Controller.java:46] latitudeOnKeyPressed
2023-04-12 19:55:56,018 DEBUG [JavaFX Application Thread] s.n.m.Angle [Angle.java:157] Match case 3.5
2023-04-12 19:55:56,020 DEBUG [JavaFX Application Thread] s.n.m.Angle [Angle.java:159] 	group(1): 5
2023-04-12 19:55:56,020 DEBUG [JavaFX Application Thread] s.n.m.Angle [Angle.java:159] 	group(2): 55
2023-04-12 19:55:59,439 DEBUG [JavaFX Application Thread] s.n.Controller [Controller.java:46] latitudeOnKeyPressed
2023-04-12 19:55:59,441 DEBUG [JavaFX Application Thread] s.n.m.Angle [Angle.java:94] Match case 2
2023-04-12 19:55:59,443 DEBUG [JavaFX Application Thread] s.n.m.Angle [Angle.java:96] 	group(1): 5
2023-04-12 19:55:59,444 DEBUG [JavaFX Application Thread] s.n.m.Angle [Angle.java:96] 	group(2): 55
2023-04-12 19:55:59,446 DEBUG [JavaFX Application Thread] s.n.m.Angle [Angle.java:96] 	group(3): 5
2023-04-12 19:56:00,288 DEBUG [JavaFX Application Thread] s.n.Controller [Controller.java:46] latitudeOnKeyPressed
2023-04-12 19:56:00,289 DEBUG [JavaFX Application Thread] s.n.m.Angle [Angle.java:94] Match case 2
2023-04-12 19:56:00,291 DEBUG [JavaFX Application Thread] s.n.m.Angle [Angle.java:96] 	group(1): 5
2023-04-12 19:56:00,292 DEBUG [JavaFX Application Thread] s.n.m.Angle [Angle.java:96] 	group(2): 55
2023-04-12 19:56:00,293 DEBUG [JavaFX Application Thread] s.n.m.Angle [Angle.java:96] 	group(3): 59
2023-04-12 19:56:05,121 DEBUG [JavaFX Application Thread] s.n.Controller [Controller.java:46] latitudeOnKeyPressed
2023-04-12 19:56:05,123 DEBUG [JavaFX Application Thread] s.n.m.Angle [Angle.java:62] Match case 1
2023-04-12 19:56:05,124 DEBUG [JavaFX Application Thread] s.n.m.Angle [Angle.java:64] 	group(1): 5
2023-04-12 19:56:05,124 DEBUG [JavaFX Application Thread] s.n.m.Angle [Angle.java:64] 	group(2): 55
2023-04-12 19:56:05,124 DEBUG [JavaFX Application Thread] s.n.m.Angle [Angle.java:64] 	group(3): 59
2023-04-12 19:56:05,125 DEBUG [JavaFX Application Thread] s.n.m.Angle [Angle.java:64] 	group(4): 
2023-04-12 19:56:12,559 DEBUG [JavaFX Application Thread] s.n.Controller [Controller.java:46] latitudeOnKeyPressed
2023-04-12 19:56:12,562 DEBUG [JavaFX Application Thread] s.n.m.Angle [Angle.java:94] Match case 2
2023-04-12 19:56:12,562 DEBUG [JavaFX Application Thread] s.n.m.Angle [Angle.java:96] 	group(1): 5
2023-04-12 19:56:12,563 DEBUG [JavaFX Application Thread] s.n.m.Angle [Angle.java:96] 	group(2): 55
2023-04-12 19:56:12,563 DEBUG [JavaFX Application Thread] s.n.m.Angle [Angle.java:96] 	group(3): 59
2023-04-12 19:56:17,855 DEBUG [JavaFX Application Thread] s.n.Controller [Controller.java:46] latitudeOnKeyPressed
2023-04-12 19:56:17,858 DEBUG [JavaFX Application Thread] s.n.m.Angle [Angle.java:62] Match case 1
2023-04-12 19:56:17,858 DEBUG [JavaFX Application Thread] s.n.m.Angle [Angle.java:64] 	group(1): 5
2023-04-12 19:56:17,859 DEBUG [JavaFX Application Thread] s.n.m.Angle [Angle.java:64] 	group(2): 55
2023-04-12 19:56:17,860 DEBUG [JavaFX Application Thread] s.n.m.Angle [Angle.java:64] 	group(3): 59
2023-04-12 19:56:17,861 DEBUG [JavaFX Application Thread] s.n.m.Angle [Angle.java:64] 	group(4): 
2023-04-12 19:56:19,249 DEBUG [JavaFX Application Thread] s.n.Controller [Controller.java:46] latitudeOnKeyPressed
2023-04-12 19:56:19,250 DEBUG [JavaFX Application Thread] s.n.m.Angle [Angle.java:62] Match case 1
2023-04-12 19:56:19,251 DEBUG [JavaFX Application Thread] s.n.m.Angle [Angle.java:64] 	group(1): 5
2023-04-12 19:56:19,251 DEBUG [JavaFX Application Thread] s.n.m.Angle [Angle.java:64] 	group(2): 55
2023-04-12 19:56:19,252 DEBUG [JavaFX Application Thread] s.n.m.Angle [Angle.java:64] 	group(3): 59
2023-04-12 19:56:19,252 DEBUG [JavaFX Application Thread] s.n.m.Angle [Angle.java:64] 	group(4): 5
2023-04-12 19:56:19,260 DEBUG [JavaFX Application Thread] s.n.Controller [Controller.java:46] latitudeOnKeyPressed
2023-04-12 19:56:19,262 DEBUG [JavaFX Application Thread] s.n.m.Angle [Angle.java:62] Match case 1
2023-04-12 19:56:19,263 DEBUG [JavaFX Application Thread] s.n.m.Angle [Angle.java:64] 	group(1): 5
2023-04-12 19:56:19,264 DEBUG [JavaFX Application Thread] s.n.m.Angle [Angle.java:64] 	group(2): 55
2023-04-12 19:56:19,264 DEBUG [JavaFX Application Thread] s.n.m.Angle [Angle.java:64] 	group(3): 59
2023-04-12 19:56:19,265 DEBUG [JavaFX Application Thread] s.n.m.Angle [Angle.java:64] 	group(4): 56
2023-04-12 19:56:19,773 DEBUG [JavaFX Application Thread] s.n.Controller [Controller.java:46] latitudeOnKeyPressed
2023-04-12 19:56:19,774 DEBUG [JavaFX Application Thread] s.n.m.Angle [Angle.java:62] Match case 1
2023-04-12 19:56:19,774 DEBUG [JavaFX Application Thread] s.n.m.Angle [Angle.java:64] 	group(1): 5
2023-04-12 19:56:19,774 DEBUG [JavaFX Application Thread] s.n.m.Angle [Angle.java:64] 	group(2): 55
2023-04-12 19:56:19,775 DEBUG [JavaFX Application Thread] s.n.m.Angle [Angle.java:64] 	group(3): 59
2023-04-12 19:56:19,775 DEBUG [JavaFX Application Thread] s.n.m.Angle [Angle.java:64] 	group(4): 565
2023-04-12 19:56:20,445 DEBUG [JavaFX Application Thread] s.n.Controller [Controller.java:46] latitudeOnKeyPressed
2023-04-12 19:56:20,446 DEBUG [JavaFX Application Thread] s.n.m.Angle [Angle.java:62] Match case 1
2023-04-12 19:56:20,447 DEBUG [JavaFX Application Thread] s.n.m.Angle [Angle.java:64] 	group(1): 5
2023-04-12 19:56:20,447 DEBUG [JavaFX Application Thread] s.n.m.Angle [Angle.java:64] 	group(2): 55
2023-04-12 19:56:20,447 DEBUG [JavaFX Application Thread] s.n.m.Angle [Angle.java:64] 	group(3): 59
2023-04-12 19:56:20,448 DEBUG [JavaFX Application Thread] s.n.m.Angle [Angle.java:64] 	group(4): 5656
2023-04-12 19:56:25,615 DEBUG [JavaFX Application Thread] s.n.Controller [Controller.java:46] latitudeOnKeyPressed
2023-04-12 19:56:25,616 DEBUG [JavaFX Application Thread] s.n.m.Angle [Angle.java:62] Match case 1
2023-04-12 19:56:25,617 DEBUG [JavaFX Application Thread] s.n.m.Angle [Angle.java:64] 	group(1): 5
2023-04-12 19:56:25,619 DEBUG [JavaFX Application Thread] s.n.m.Angle [Angle.java:64] 	group(2): 55
2023-04-12 19:56:25,620 DEBUG [JavaFX Application Thread] s.n.m.Angle [Angle.java:64] 	group(3): 59
2023-04-12 19:56:25,621 DEBUG [JavaFX Application Thread] s.n.m.Angle [Angle.java:64] 	group(4): 565
2023-04-12 19:56:26,862 DEBUG [JavaFX Application Thread] s.n.Controller [Controller.java:46] latitudeOnKeyPressed
2023-04-12 19:56:26,864 DEBUG [JavaFX Application Thread] s.n.m.Angle [Angle.java:62] Match case 1
2023-04-12 19:56:26,865 DEBUG [JavaFX Application Thread] s.n.m.Angle [Angle.java:64] 	group(1): 5
2023-04-12 19:56:26,866 DEBUG [JavaFX Application Thread] s.n.m.Angle [Angle.java:64] 	group(2): 55
2023-04-12 19:56:26,867 DEBUG [JavaFX Application Thread] s.n.m.Angle [Angle.java:64] 	group(3): 59
2023-04-12 19:56:26,869 DEBUG [JavaFX Application Thread] s.n.m.Angle [Angle.java:64] 	group(4): 56
2023-04-12 20:04:11,293 DEBUG [main] s.nav.MyUI [MyUI.java:39] ok logger - start the app !
2023-04-12 20:04:17,212 DEBUG [JavaFX Application Thread] s.n.Controller [Controller.java:46] latitudeOnKeyPressed
2023-04-12 20:04:30,617 DEBUG [JavaFX Application Thread] s.n.m.Angle [Angle.java:181] Match case 4
2023-04-12 20:04:30,617 DEBUG [JavaFX Application Thread] s.n.m.Angle [Angle.java:183] 	group(1): 5
2023-04-12 20:07:59,318 DEBUG [JavaFX Application Thread] s.n.Controller [Controller.java:46] latitudeOnKeyPressed
2023-04-12 20:07:59,323 DEBUG [JavaFX Application Thread] s.n.m.Angle [Angle.java:181] Match case 4
2023-04-12 20:07:59,324 DEBUG [JavaFX Application Thread] s.n.m.Angle [Angle.java:183] 	group(1): 5
2023-04-12 20:08:32,835 DEBUG [JavaFX Application Thread] s.n.Controller [Controller.java:46] latitudeOnKeyPressed
2023-04-12 20:08:32,835 DEBUG [JavaFX Application Thread] s.n.m.Angle [Angle.java:157] Match case 3.5
2023-04-12 20:08:32,835 DEBUG [JavaFX Application Thread] s.n.m.Angle [Angle.java:159] 	group(1): 5
2023-04-12 20:08:32,836 DEBUG [JavaFX Application Thread] s.n.m.Angle [Angle.java:159] 	group(2): 5
2023-04-12 20:08:48,534 DEBUG [JavaFX Application Thread] s.n.Controller [Controller.java:46] latitudeOnKeyPressed
2023-04-12 20:08:48,535 DEBUG [JavaFX Application Thread] s.n.m.Angle [Angle.java:157] Match case 3.5
2023-04-12 20:08:48,535 DEBUG [JavaFX Application Thread] s.n.m.Angle [Angle.java:159] 	group(1): 5
2023-04-12 20:08:48,535 DEBUG [JavaFX Application Thread] s.n.m.Angle [Angle.java:159] 	group(2): 50
2023-04-12 20:10:32,610 DEBUG [JavaFX Application Thread] s.n.Controller [Controller.java:46] latitudeOnKeyPressed
2023-04-12 20:10:32,610 DEBUG [JavaFX Application Thread] s.n.m.Angle [Angle.java:129] Match case 3
2023-04-12 20:10:32,611 DEBUG [JavaFX Application Thread] s.n.m.Angle [Angle.java:131] 	group(1): 5
2023-04-12 20:10:32,611 DEBUG [JavaFX Application Thread] s.n.m.Angle [Angle.java:131] 	group(2): 50
2023-04-12 20:10:32,611 DEBUG [JavaFX Application Thread] s.n.m.Angle [Angle.java:131] 	group(3): 
2023-04-12 20:10:42,213 DEBUG [JavaFX Application Thread] s.n.Controller [Controller.java:46] latitudeOnKeyPressed
2023-04-12 20:10:42,215 DEBUG [JavaFX Application Thread] s.n.m.Angle [Angle.java:129] Match case 3
2023-04-12 20:10:42,215 DEBUG [JavaFX Application Thread] s.n.m.Angle [Angle.java:131] 	group(1): 5
2023-04-12 20:10:42,216 DEBUG [JavaFX Application Thread] s.n.m.Angle [Angle.java:131] 	group(2): 50
2023-04-12 20:10:42,216 DEBUG [JavaFX Application Thread] s.n.m.Angle [Angle.java:131] 	group(3): 8
2023-04-12 20:15:16,420 DEBUG [main] s.nav.MyUI [MyUI.java:39] ok logger - start the app !
2023-04-12 20:15:19,802 DEBUG [JavaFX Application Thread] s.n.Controller [Controller.java:46] latitudeOnKeyPressed
2023-04-12 20:15:19,805 DEBUG [JavaFX Application Thread] s.n.m.Angle [Angle.java:182] Match case 4
2023-04-12 20:15:19,805 DEBUG [JavaFX Application Thread] s.n.m.Angle [Angle.java:184] 	group(1): 5
2023-04-12 20:15:19,806 DEBUG [JavaFX Application Thread] s.n.m.Angle [Angle.java:212] _angle
2023-04-12 20:15:19,807 DEBUG [JavaFX Application Thread] s.n.m.Angle [Angle.java:213] m
2023-04-12 20:15:19,807 DEBUG [JavaFX Application Thread] s.n.m.Angle [Angle.java:214] s
2023-04-12 20:15:23,046 DEBUG [JavaFX Application Thread] s.n.Controller [Controller.java:46] latitudeOnKeyPressed
2023-04-12 20:15:23,048 DEBUG [JavaFX Application Thread] s.n.m.Angle [Angle.java:182] Match case 4
2023-04-12 20:15:23,050 DEBUG [JavaFX Application Thread] s.n.m.Angle [Angle.java:184] 	group(1): 5
2023-04-12 20:15:23,051 DEBUG [JavaFX Application Thread] s.n.m.Angle [Angle.java:212] _angle
2023-04-12 20:15:23,053 DEBUG [JavaFX Application Thread] s.n.m.Angle [Angle.java:213] m
2023-04-12 20:15:23,053 DEBUG [JavaFX Application Thread] s.n.m.Angle [Angle.java:214] s
2023-04-12 20:15:27,958 DEBUG [JavaFX Application Thread] s.n.Controller [Controller.java:46] latitudeOnKeyPressed
2023-04-12 20:15:27,961 DEBUG [JavaFX Application Thread] s.n.m.Angle [Angle.java:158] Match case 3.5
2023-04-12 20:15:27,961 DEBUG [JavaFX Application Thread] s.n.m.Angle [Angle.java:160] 	group(1): 5
2023-04-12 20:15:27,962 DEBUG [JavaFX Application Thread] s.n.m.Angle [Angle.java:160] 	group(2): 5
2023-04-12 20:15:27,962 DEBUG [JavaFX Application Thread] s.n.m.Angle [Angle.java:212] _angle
2023-04-12 20:15:27,963 DEBUG [JavaFX Application Thread] s.n.m.Angle [Angle.java:213] m
2023-04-12 20:15:27,963 DEBUG [JavaFX Application Thread] s.n.m.Angle [Angle.java:214] s
2023-04-12 20:15:28,664 DEBUG [JavaFX Application Thread] s.n.Controller [Controller.java:46] latitudeOnKeyPressed
2023-04-12 20:15:28,667 DEBUG [JavaFX Application Thread] s.n.m.Angle [Angle.java:158] Match case 3.5
2023-04-12 20:15:28,667 DEBUG [JavaFX Application Thread] s.n.m.Angle [Angle.java:160] 	group(1): 5
2023-04-12 20:15:28,667 DEBUG [JavaFX Application Thread] s.n.m.Angle [Angle.java:160] 	group(2): 50
2023-04-12 20:15:28,668 DEBUG [JavaFX Application Thread] s.n.m.Angle [Angle.java:212] _angle
2023-04-12 20:15:28,668 DEBUG [JavaFX Application Thread] s.n.m.Angle [Angle.java:213] m
2023-04-12 20:15:28,668 DEBUG [JavaFX Application Thread] s.n.m.Angle [Angle.java:214] s
2023-04-12 20:15:32,199 DEBUG [JavaFX Application Thread] s.n.Controller [Controller.java:46] latitudeOnKeyPressed
2023-04-12 20:15:32,202 DEBUG [JavaFX Application Thread] s.n.m.Angle [Angle.java:130] Match case 3
2023-04-12 20:15:32,203 DEBUG [JavaFX Application Thread] s.n.m.Angle [Angle.java:132] 	group(1): 5
2023-04-12 20:15:32,205 DEBUG [JavaFX Application Thread] s.n.m.Angle [Angle.java:132] 	group(2): 50
2023-04-12 20:15:32,206 DEBUG [JavaFX Application Thread] s.n.m.Angle [Angle.java:132] 	group(3): 
2023-04-12 20:15:32,207 DEBUG [JavaFX Application Thread] s.n.m.Angle [Angle.java:212] _angle
2023-04-12 20:15:32,208 DEBUG [JavaFX Application Thread] s.n.m.Angle [Angle.java:213] m
2023-04-12 20:15:32,208 DEBUG [JavaFX Application Thread] s.n.m.Angle [Angle.java:214] s
2023-04-12 20:15:35,062 DEBUG [JavaFX Application Thread] s.n.Controller [Controller.java:46] latitudeOnKeyPressed
2023-04-12 20:15:35,064 DEBUG [JavaFX Application Thread] s.n.m.Angle [Angle.java:130] Match case 3
2023-04-12 20:15:35,067 DEBUG [JavaFX Application Thread] s.n.m.Angle [Angle.java:132] 	group(1): 5
2023-04-12 20:15:35,067 DEBUG [JavaFX Application Thread] s.n.m.Angle [Angle.java:132] 	group(2): 50
2023-04-12 20:15:35,067 DEBUG [JavaFX Application Thread] s.n.m.Angle [Angle.java:132] 	group(3): 5
2023-04-12 20:15:35,067 DEBUG [JavaFX Application Thread] s.n.m.Angle [Angle.java:212] _angle
2023-04-12 20:15:35,067 DEBUG [JavaFX Application Thread] s.n.m.Angle [Angle.java:213] m
2023-04-12 20:15:35,067 DEBUG [JavaFX Application Thread] s.n.m.Angle [Angle.java:214] s
2023-04-12 20:15:37,155 DEBUG [JavaFX Application Thread] s.n.Controller [Controller.java:46] latitudeOnKeyPressed
2023-04-12 20:15:37,155 DEBUG [JavaFX Application Thread] s.n.m.Angle [Angle.java:130] Match case 3
2023-04-12 20:15:37,155 DEBUG [JavaFX Application Thread] s.n.m.Angle [Angle.java:132] 	group(1): 5
2023-04-12 20:15:37,155 DEBUG [JavaFX Application Thread] s.n.m.Angle [Angle.java:132] 	group(2): 50
2023-04-12 20:15:37,156 DEBUG [JavaFX Application Thread] s.n.m.Angle [Angle.java:132] 	group(3): 56
2023-04-12 20:15:37,156 DEBUG [JavaFX Application Thread] s.n.m.Angle [Angle.java:212] _angle
2023-04-12 20:15:37,156 DEBUG [JavaFX Application Thread] s.n.m.Angle [Angle.java:213] m
2023-04-12 20:15:37,156 DEBUG [JavaFX Application Thread] s.n.m.Angle [Angle.java:214] s
2023-04-12 20:15:56,808 DEBUG [JavaFX Application Thread] s.n.Controller [Controller.java:46] latitudeOnKeyPressed
2023-04-12 20:15:56,810 DEBUG [JavaFX Application Thread] s.n.m.Angle [Angle.java:130] Match case 3
2023-04-12 20:15:56,812 DEBUG [JavaFX Application Thread] s.n.m.Angle [Angle.java:132] 	group(1): 5
2023-04-12 20:15:56,814 DEBUG [JavaFX Application Thread] s.n.m.Angle [Angle.java:132] 	group(2): 50
2023-04-12 20:15:56,815 DEBUG [JavaFX Application Thread] s.n.m.Angle [Angle.java:132] 	group(3): 56
2023-04-12 20:15:56,816 DEBUG [JavaFX Application Thread] s.n.m.Angle [Angle.java:212] _angle
2023-04-12 20:15:56,817 DEBUG [JavaFX Application Thread] s.n.m.Angle [Angle.java:213] m
2023-04-12 20:15:56,817 DEBUG [JavaFX Application Thread] s.n.m.Angle [Angle.java:214] s
2023-04-12 20:15:58,934 DEBUG [JavaFX Application Thread] s.n.Controller [Controller.java:46] latitudeOnKeyPressed
2023-04-12 20:15:58,935 DEBUG [JavaFX Application Thread] s.n.m.Angle [Angle.java:130] Match case 3
2023-04-12 20:15:58,936 DEBUG [JavaFX Application Thread] s.n.m.Angle [Angle.java:132] 	group(1): 5
2023-04-12 20:15:58,938 DEBUG [JavaFX Application Thread] s.n.m.Angle [Angle.java:132] 	group(2): 50
2023-04-12 20:15:58,939 DEBUG [JavaFX Application Thread] s.n.m.Angle [Angle.java:132] 	group(3): 56
2023-04-12 20:15:58,941 DEBUG [JavaFX Application Thread] s.n.m.Angle [Angle.java:212] _angle
2023-04-12 20:15:58,941 DEBUG [JavaFX Application Thread] s.n.m.Angle [Angle.java:213] m
2023-04-12 20:15:58,941 DEBUG [JavaFX Application Thread] s.n.m.Angle [Angle.java:214] s
2023-04-12 20:15:59,558 DEBUG [JavaFX Application Thread] s.n.Controller [Controller.java:46] latitudeOnKeyPressed
2023-04-12 20:15:59,560 DEBUG [JavaFX Application Thread] s.n.m.Angle [Angle.java:130] Match case 3
2023-04-12 20:15:59,561 DEBUG [JavaFX Application Thread] s.n.m.Angle [Angle.java:132] 	group(1): 5
2023-04-12 20:15:59,563 DEBUG [JavaFX Application Thread] s.n.m.Angle [Angle.java:132] 	group(2): 50
2023-04-12 20:15:59,564 DEBUG [JavaFX Application Thread] s.n.m.Angle [Angle.java:132] 	group(3): 56
2023-04-12 20:15:59,565 DEBUG [JavaFX Application Thread] s.n.m.Angle [Angle.java:212] _angle
2023-04-12 20:15:59,567 DEBUG [JavaFX Application Thread] s.n.m.Angle [Angle.java:213] m
2023-04-12 20:15:59,568 DEBUG [JavaFX Application Thread] s.n.m.Angle [Angle.java:214] s
2023-04-12 20:16:05,463 DEBUG [JavaFX Application Thread] s.n.Controller [Controller.java:46] latitudeOnKeyPressed
2023-04-12 20:16:05,465 DEBUG [JavaFX Application Thread] s.n.m.Angle [Angle.java:130] Match case 3
2023-04-12 20:16:05,466 DEBUG [JavaFX Application Thread] s.n.m.Angle [Angle.java:132] 	group(1): 
2023-04-12 20:16:05,466 DEBUG [JavaFX Application Thread] s.n.m.Angle [Angle.java:132] 	group(2): 50
2023-04-12 20:16:05,466 DEBUG [JavaFX Application Thread] s.n.m.Angle [Angle.java:132] 	group(3): 56
2023-04-12 20:16:05,467 DEBUG [JavaFX Application Thread] s.n.m.Angle [Angle.java:212] _angle
2023-04-12 20:16:05,467 DEBUG [JavaFX Application Thread] s.n.m.Angle [Angle.java:213] m
2023-04-12 20:16:05,467 DEBUG [JavaFX Application Thread] s.n.m.Angle [Angle.java:214] s
2023-04-12 20:16:07,543 DEBUG [JavaFX Application Thread] s.n.Controller [Controller.java:46] latitudeOnKeyPressed
2023-04-12 20:16:07,546 DEBUG [JavaFX Application Thread] s.n.m.Angle [Angle.java:130] Match case 3
2023-04-12 20:16:07,547 DEBUG [JavaFX Application Thread] s.n.m.Angle [Angle.java:132] 	group(1): 0
2023-04-12 20:16:07,549 DEBUG [JavaFX Application Thread] s.n.m.Angle [Angle.java:132] 	group(2): 50
2023-04-12 20:16:07,549 DEBUG [JavaFX Application Thread] s.n.m.Angle [Angle.java:132] 	group(3): 56
2023-04-12 20:16:07,550 DEBUG [JavaFX Application Thread] s.n.m.Angle [Angle.java:212] _angle
2023-04-12 20:16:07,551 DEBUG [JavaFX Application Thread] s.n.m.Angle [Angle.java:213] m
2023-04-12 20:16:07,551 DEBUG [JavaFX Application Thread] s.n.m.Angle [Angle.java:214] s
2023-04-12 20:16:10,022 DEBUG [JavaFX Application Thread] s.n.Controller [Controller.java:46] latitudeOnKeyPressed
2023-04-12 20:16:10,024 DEBUG [JavaFX Application Thread] s.n.m.Angle [Angle.java:130] Match case 3
2023-04-12 20:16:10,025 DEBUG [JavaFX Application Thread] s.n.m.Angle [Angle.java:132] 	group(1): 01
2023-04-12 20:16:10,026 DEBUG [JavaFX Application Thread] s.n.m.Angle [Angle.java:132] 	group(2): 50
2023-04-12 20:16:10,028 DEBUG [JavaFX Application Thread] s.n.m.Angle [Angle.java:132] 	group(3): 56
2023-04-12 20:16:10,029 DEBUG [JavaFX Application Thread] s.n.m.Angle [Angle.java:212] _angle
2023-04-12 20:16:10,029 DEBUG [JavaFX Application Thread] s.n.m.Angle [Angle.java:213] m
2023-04-12 20:16:10,029 DEBUG [JavaFX Application Thread] s.n.m.Angle [Angle.java:214] s
2023-04-12 20:16:10,694 DEBUG [JavaFX Application Thread] s.n.Controller [Controller.java:46] latitudeOnKeyPressed
2023-04-12 20:16:10,696 DEBUG [JavaFX Application Thread] s.n.m.Angle [Angle.java:130] Match case 3
2023-04-12 20:16:10,697 DEBUG [JavaFX Application Thread] s.n.m.Angle [Angle.java:132] 	group(1): 011
2023-04-12 20:16:10,699 DEBUG [JavaFX Application Thread] s.n.m.Angle [Angle.java:132] 	group(2): 50
2023-04-12 20:16:10,699 DEBUG [JavaFX Application Thread] s.n.m.Angle [Angle.java:132] 	group(3): 56
2023-04-12 20:16:10,700 DEBUG [JavaFX Application Thread] s.n.m.Angle [Angle.java:212] _angle
2023-04-12 20:16:10,701 DEBUG [JavaFX Application Thread] s.n.m.Angle [Angle.java:213] m
2023-04-12 20:16:10,702 DEBUG [JavaFX Application Thread] s.n.m.Angle [Angle.java:214] s
2023-04-12 20:16:11,158 DEBUG [JavaFX Application Thread] s.n.Controller [Controller.java:46] latitudeOnKeyPressed
2023-04-12 20:16:11,160 DEBUG [JavaFX Application Thread] s.n.m.Angle [Angle.java:130] Match case 3
2023-04-12 20:16:11,161 DEBUG [JavaFX Application Thread] s.n.m.Angle [Angle.java:132] 	group(1): 0111
2023-04-12 20:16:11,161 DEBUG [JavaFX Application Thread] s.n.m.Angle [Angle.java:132] 	group(2): 50
2023-04-12 20:16:11,162 DEBUG [JavaFX Application Thread] s.n.m.Angle [Angle.java:132] 	group(3): 56
2023-04-12 20:16:11,162 DEBUG [JavaFX Application Thread] s.n.m.Angle [Angle.java:212] _angle
2023-04-12 20:16:11,162 DEBUG [JavaFX Application Thread] s.n.m.Angle [Angle.java:213] m
2023-04-12 20:16:11,163 DEBUG [JavaFX Application Thread] s.n.m.Angle [Angle.java:214] s
2023-04-12 20:16:18,616 DEBUG [JavaFX Application Thread] s.n.Controller [Controller.java:46] latitudeOnKeyPressed
2023-04-12 20:16:18,618 DEBUG [JavaFX Application Thread] s.n.m.Angle [Angle.java:130] Match case 3
2023-04-12 20:16:18,619 DEBUG [JavaFX Application Thread] s.n.m.Angle [Angle.java:132] 	group(1): 0111
2023-04-12 20:16:18,620 DEBUG [JavaFX Application Thread] s.n.m.Angle [Angle.java:132] 	group(2): 5
2023-04-12 20:16:18,621 DEBUG [JavaFX Application Thread] s.n.m.Angle [Angle.java:132] 	group(3): 56
2023-04-12 20:16:18,622 DEBUG [JavaFX Application Thread] s.n.m.Angle [Angle.java:212] _angle
2023-04-12 20:16:18,625 DEBUG [JavaFX Application Thread] s.n.m.Angle [Angle.java:213] m
2023-04-12 20:16:18,626 DEBUG [JavaFX Application Thread] s.n.m.Angle [Angle.java:214] s
2023-04-12 20:16:19,830 DEBUG [JavaFX Application Thread] s.n.Controller [Controller.java:46] latitudeOnKeyPressed
2023-04-12 20:16:19,832 DEBUG [JavaFX Application Thread] s.n.m.Angle [Angle.java:212] _angle
2023-04-12 20:16:19,833 DEBUG [JavaFX Application Thread] s.n.m.Angle [Angle.java:213] m
2023-04-12 20:16:19,834 DEBUG [JavaFX Application Thread] s.n.m.Angle [Angle.java:214] s
2023-04-12 20:16:21,206 DEBUG [JavaFX Application Thread] s.n.Controller [Controller.java:46] latitudeOnKeyPressed
2023-04-12 20:16:21,209 DEBUG [JavaFX Application Thread] s.n.m.Angle [Angle.java:130] Match case 3
2023-04-12 20:16:21,209 DEBUG [JavaFX Application Thread] s.n.m.Angle [Angle.java:132] 	group(1): 0111
2023-04-12 20:16:21,210 DEBUG [JavaFX Application Thread] s.n.m.Angle [Angle.java:132] 	group(2): 9
2023-04-12 20:16:21,210 DEBUG [JavaFX Application Thread] s.n.m.Angle [Angle.java:132] 	group(3): 56
2023-04-12 20:16:21,211 DEBUG [JavaFX Application Thread] s.n.m.Angle [Angle.java:212] _angle
2023-04-12 20:16:21,211 DEBUG [JavaFX Application Thread] s.n.m.Angle [Angle.java:213] m
2023-04-12 20:16:21,211 DEBUG [JavaFX Application Thread] s.n.m.Angle [Angle.java:214] s
2023-04-12 20:16:22,054 DEBUG [JavaFX Application Thread] s.n.Controller [Controller.java:46] latitudeOnKeyPressed
2023-04-12 20:16:22,057 DEBUG [JavaFX Application Thread] s.n.m.Angle [Angle.java:130] Match case 3
2023-04-12 20:16:22,058 DEBUG [JavaFX Application Thread] s.n.m.Angle [Angle.java:132] 	group(1): 0111
2023-04-12 20:16:22,059 DEBUG [JavaFX Application Thread] s.n.m.Angle [Angle.java:132] 	group(2): 99
2023-04-12 20:16:22,060 DEBUG [JavaFX Application Thread] s.n.m.Angle [Angle.java:132] 	group(3): 56
2023-04-12 20:16:22,061 DEBUG [JavaFX Application Thread] s.n.m.Angle [Angle.java:212] _angle
2023-04-12 20:16:22,061 DEBUG [JavaFX Application Thread] s.n.m.Angle [Angle.java:213] m
2023-04-12 20:16:22,062 DEBUG [JavaFX Application Thread] s.n.m.Angle [Angle.java:214] s
2023-04-12 20:16:24,633 DEBUG [JavaFX Application Thread] s.n.Controller [Controller.java:46] latitudeOnKeyPressed
2023-04-12 20:16:24,634 DEBUG [JavaFX Application Thread] s.n.m.Angle [Angle.java:130] Match case 3
2023-04-12 20:16:24,636 DEBUG [JavaFX Application Thread] s.n.m.Angle [Angle.java:132] 	group(1): 0111
2023-04-12 20:16:24,637 DEBUG [JavaFX Application Thread] s.n.m.Angle [Angle.java:132] 	group(2): 99
2023-04-12 20:16:24,638 DEBUG [JavaFX Application Thread] s.n.m.Angle [Angle.java:132] 	group(3): 5
2023-04-12 20:16:24,639 DEBUG [JavaFX Application Thread] s.n.m.Angle [Angle.java:212] _angle
2023-04-12 20:16:24,640 DEBUG [JavaFX Application Thread] s.n.m.Angle [Angle.java:213] m
2023-04-12 20:16:24,640 DEBUG [JavaFX Application Thread] s.n.m.Angle [Angle.java:214] s
2023-04-12 20:16:24,807 DEBUG [JavaFX Application Thread] s.n.Controller [Controller.java:46] latitudeOnKeyPressed
2023-04-12 20:16:24,808 DEBUG [JavaFX Application Thread] s.n.m.Angle [Angle.java:130] Match case 3
2023-04-12 20:16:24,809 DEBUG [JavaFX Application Thread] s.n.m.Angle [Angle.java:132] 	group(1): 0111
2023-04-12 20:16:24,810 DEBUG [JavaFX Application Thread] s.n.m.Angle [Angle.java:132] 	group(2): 99
2023-04-12 20:16:24,811 DEBUG [JavaFX Application Thread] s.n.m.Angle [Angle.java:132] 	group(3): 
2023-04-12 20:16:24,812 DEBUG [JavaFX Application Thread] s.n.m.Angle [Angle.java:212] _angle
2023-04-12 20:16:24,813 DEBUG [JavaFX Application Thread] s.n.m.Angle [Angle.java:213] m
2023-04-12 20:16:24,814 DEBUG [JavaFX Application Thread] s.n.m.Angle [Angle.java:214] s
2023-04-12 20:16:25,942 DEBUG [JavaFX Application Thread] s.n.Controller [Controller.java:46] latitudeOnKeyPressed
2023-04-12 20:16:25,943 DEBUG [JavaFX Application Thread] s.n.m.Angle [Angle.java:130] Match case 3
2023-04-12 20:16:25,944 DEBUG [JavaFX Application Thread] s.n.m.Angle [Angle.java:132] 	group(1): 0111
2023-04-12 20:16:25,945 DEBUG [JavaFX Application Thread] s.n.m.Angle [Angle.java:132] 	group(2): 99
2023-04-12 20:16:25,945 DEBUG [JavaFX Application Thread] s.n.m.Angle [Angle.java:132] 	group(3): 9
2023-04-12 20:16:25,946 DEBUG [JavaFX Application Thread] s.n.m.Angle [Angle.java:212] _angle
2023-04-12 20:16:25,946 DEBUG [JavaFX Application Thread] s.n.m.Angle [Angle.java:213] m
2023-04-12 20:16:25,946 DEBUG [JavaFX Application Thread] s.n.m.Angle [Angle.java:214] s
2023-04-12 20:16:26,116 DEBUG [JavaFX Application Thread] s.n.Controller [Controller.java:46] latitudeOnKeyPressed
2023-04-12 20:16:26,116 DEBUG [JavaFX Application Thread] s.n.m.Angle [Angle.java:130] Match case 3
2023-04-12 20:16:26,117 DEBUG [JavaFX Application Thread] s.n.m.Angle [Angle.java:132] 	group(1): 0111
2023-04-12 20:16:26,117 DEBUG [JavaFX Application Thread] s.n.m.Angle [Angle.java:132] 	group(2): 99
2023-04-12 20:16:26,117 DEBUG [JavaFX Application Thread] s.n.m.Angle [Angle.java:132] 	group(3): 99
2023-04-12 20:16:26,117 DEBUG [JavaFX Application Thread] s.n.m.Angle [Angle.java:212] _angle
2023-04-12 20:16:26,118 DEBUG [JavaFX Application Thread] s.n.m.Angle [Angle.java:213] m
2023-04-12 20:16:26,118 DEBUG [JavaFX Application Thread] s.n.m.Angle [Angle.java:214] s
2023-04-12 20:16:26,695 DEBUG [JavaFX Application Thread] s.n.Controller [Controller.java:46] latitudeOnKeyPressed
2023-04-12 20:16:26,696 DEBUG [JavaFX Application Thread] s.n.m.Angle [Angle.java:130] Match case 3
2023-04-12 20:16:26,697 DEBUG [JavaFX Application Thread] s.n.m.Angle [Angle.java:132] 	group(1): 0111
2023-04-12 20:16:26,697 DEBUG [JavaFX Application Thread] s.n.m.Angle [Angle.java:132] 	group(2): 99
2023-04-12 20:16:26,698 DEBUG [JavaFX Application Thread] s.n.m.Angle [Angle.java:132] 	group(3): 999
2023-04-12 20:16:26,698 DEBUG [JavaFX Application Thread] s.n.m.Angle [Angle.java:212] _angle
2023-04-12 20:16:26,698 DEBUG [JavaFX Application Thread] s.n.m.Angle [Angle.java:213] m
2023-04-12 20:16:26,699 DEBUG [JavaFX Application Thread] s.n.m.Angle [Angle.java:214] s
2023-04-12 20:16:26,886 DEBUG [JavaFX Application Thread] s.n.Controller [Controller.java:46] latitudeOnKeyPressed
2023-04-12 20:16:26,887 DEBUG [JavaFX Application Thread] s.n.m.Angle [Angle.java:130] Match case 3
2023-04-12 20:16:26,888 DEBUG [JavaFX Application Thread] s.n.m.Angle [Angle.java:132] 	group(1): 0111
2023-04-12 20:16:26,889 DEBUG [JavaFX Application Thread] s.n.m.Angle [Angle.java:132] 	group(2): 99
2023-04-12 20:16:26,890 DEBUG [JavaFX Application Thread] s.n.m.Angle [Angle.java:132] 	group(3): 9999
2023-04-12 20:16:26,891 DEBUG [JavaFX Application Thread] s.n.m.Angle [Angle.java:212] _angle
2023-04-12 20:16:26,891 DEBUG [JavaFX Application Thread] s.n.m.Angle [Angle.java:213] m
2023-04-12 20:16:26,892 DEBUG [JavaFX Application Thread] s.n.m.Angle [Angle.java:214] s
2023-04-12 20:16:27,079 DEBUG [JavaFX Application Thread] s.n.Controller [Controller.java:46] latitudeOnKeyPressed
2023-04-12 20:16:27,080 DEBUG [JavaFX Application Thread] s.n.m.Angle [Angle.java:130] Match case 3
2023-04-12 20:16:27,081 DEBUG [JavaFX Application Thread] s.n.m.Angle [Angle.java:132] 	group(1): 0111
2023-04-12 20:16:27,082 DEBUG [JavaFX Application Thread] s.n.m.Angle [Angle.java:132] 	group(2): 99
2023-04-12 20:16:27,083 DEBUG [JavaFX Application Thread] s.n.m.Angle [Angle.java:132] 	group(3): 99999
2023-04-12 20:16:27,084 DEBUG [JavaFX Application Thread] s.n.m.Angle [Angle.java:212] _angle
2023-04-12 20:16:27,086 DEBUG [JavaFX Application Thread] s.n.m.Angle [Angle.java:213] m
2023-04-12 20:16:27,086 DEBUG [JavaFX Application Thread] s.n.m.Angle [Angle.java:214] s
2023-04-12 20:16:27,235 DEBUG [JavaFX Application Thread] s.n.Controller [Controller.java:46] latitudeOnKeyPressed
2023-04-12 20:16:27,236 DEBUG [JavaFX Application Thread] s.n.m.Angle [Angle.java:130] Match case 3
2023-04-12 20:16:27,236 DEBUG [JavaFX Application Thread] s.n.m.Angle [Angle.java:132] 	group(1): 0111
2023-04-12 20:16:27,236 DEBUG [JavaFX Application Thread] s.n.m.Angle [Angle.java:132] 	group(2): 99
2023-04-12 20:16:27,236 DEBUG [JavaFX Application Thread] s.n.m.Angle [Angle.java:132] 	group(3): 999999
2023-04-12 20:16:27,236 DEBUG [JavaFX Application Thread] s.n.m.Angle [Angle.java:212] _angle
2023-04-12 20:16:27,237 DEBUG [JavaFX Application Thread] s.n.m.Angle [Angle.java:213] m
2023-04-12 20:16:27,237 DEBUG [JavaFX Application Thread] s.n.m.Angle [Angle.java:214] s
2023-04-12 20:16:27,398 DEBUG [JavaFX Application Thread] s.n.Controller [Controller.java:46] latitudeOnKeyPressed
2023-04-12 20:16:27,399 DEBUG [JavaFX Application Thread] s.n.m.Angle [Angle.java:130] Match case 3
2023-04-12 20:16:27,400 DEBUG [JavaFX Application Thread] s.n.m.Angle [Angle.java:132] 	group(1): 0111
2023-04-12 20:16:27,400 DEBUG [JavaFX Application Thread] s.n.m.Angle [Angle.java:132] 	group(2): 99
2023-04-12 20:16:27,401 DEBUG [JavaFX Application Thread] s.n.m.Angle [Angle.java:132] 	group(3): 9999999
2023-04-12 20:16:27,402 DEBUG [JavaFX Application Thread] s.n.m.Angle [Angle.java:212] _angle
2023-04-12 20:16:27,403 DEBUG [JavaFX Application Thread] s.n.m.Angle [Angle.java:213] m
2023-04-12 20:16:27,404 DEBUG [JavaFX Application Thread] s.n.m.Angle [Angle.java:214] s
2023-04-12 20:16:27,560 DEBUG [JavaFX Application Thread] s.n.Controller [Controller.java:46] latitudeOnKeyPressed
2023-04-12 20:16:27,561 DEBUG [JavaFX Application Thread] s.n.m.Angle [Angle.java:130] Match case 3
2023-04-12 20:16:27,562 DEBUG [JavaFX Application Thread] s.n.m.Angle [Angle.java:132] 	group(1): 0111
2023-04-12 20:16:27,564 DEBUG [JavaFX Application Thread] s.n.m.Angle [Angle.java:132] 	group(2): 99
2023-04-12 20:16:27,564 DEBUG [JavaFX Application Thread] s.n.m.Angle [Angle.java:132] 	group(3): 99999999
2023-04-12 20:16:27,565 DEBUG [JavaFX Application Thread] s.n.m.Angle [Angle.java:212] _angle
2023-04-12 20:16:27,566 DEBUG [JavaFX Application Thread] s.n.m.Angle [Angle.java:213] m
2023-04-12 20:16:27,566 DEBUG [JavaFX Application Thread] s.n.m.Angle [Angle.java:214] s
2023-04-12 20:16:30,389 DEBUG [JavaFX Application Thread] s.n.Controller [Controller.java:46] latitudeOnKeyPressed
2023-04-12 20:16:30,389 DEBUG [JavaFX Application Thread] s.n.m.Angle [Angle.java:130] Match case 3
2023-04-12 20:16:30,390 DEBUG [JavaFX Application Thread] s.n.m.Angle [Angle.java:132] 	group(1): 0111
2023-04-12 20:16:30,390 DEBUG [JavaFX Application Thread] s.n.m.Angle [Angle.java:132] 	group(2): 99
2023-04-12 20:16:30,390 DEBUG [JavaFX Application Thread] s.n.m.Angle [Angle.java:132] 	group(3): 9999999
2023-04-12 20:16:30,390 DEBUG [JavaFX Application Thread] s.n.m.Angle [Angle.java:212] _angle
2023-04-12 20:16:30,390 DEBUG [JavaFX Application Thread] s.n.m.Angle [Angle.java:213] m
2023-04-12 20:16:30,390 DEBUG [JavaFX Application Thread] s.n.m.Angle [Angle.java:214] s
2023-04-12 20:16:30,867 DEBUG [JavaFX Application Thread] s.n.Controller [Controller.java:46] latitudeOnKeyPressed
2023-04-12 20:16:30,867 DEBUG [JavaFX Application Thread] s.n.m.Angle [Angle.java:130] Match case 3
2023-04-12 20:16:30,867 DEBUG [JavaFX Application Thread] s.n.m.Angle [Angle.java:132] 	group(1): 0111
2023-04-12 20:16:30,868 DEBUG [JavaFX Application Thread] s.n.m.Angle [Angle.java:132] 	group(2): 99
2023-04-12 20:16:30,868 DEBUG [JavaFX Application Thread] s.n.m.Angle [Angle.java:132] 	group(3): 999999
2023-04-12 20:16:30,868 DEBUG [JavaFX Application Thread] s.n.m.Angle [Angle.java:212] _angle
2023-04-12 20:16:30,868 DEBUG [JavaFX Application Thread] s.n.m.Angle [Angle.java:213] m
2023-04-12 20:16:30,868 DEBUG [JavaFX Application Thread] s.n.m.Angle [Angle.java:214] s
2023-04-12 20:16:31,062 DEBUG [JavaFX Application Thread] s.n.Controller [Controller.java:46] latitudeOnKeyPressed
2023-04-12 20:16:31,063 DEBUG [JavaFX Application Thread] s.n.m.Angle [Angle.java:130] Match case 3
2023-04-12 20:16:31,063 DEBUG [JavaFX Application Thread] s.n.m.Angle [Angle.java:132] 	group(1): 0111
2023-04-12 20:16:31,064 DEBUG [JavaFX Application Thread] s.n.m.Angle [Angle.java:132] 	group(2): 99
2023-04-12 20:16:31,065 DEBUG [JavaFX Application Thread] s.n.m.Angle [Angle.java:132] 	group(3): 99999
2023-04-12 20:16:31,066 DEBUG [JavaFX Application Thread] s.n.m.Angle [Angle.java:212] _angle
2023-04-12 20:16:31,067 DEBUG [JavaFX Application Thread] s.n.m.Angle [Angle.java:213] m
2023-04-12 20:16:31,068 DEBUG [JavaFX Application Thread] s.n.m.Angle [Angle.java:214] s
2023-04-12 20:16:31,238 DEBUG [JavaFX Application Thread] s.n.Controller [Controller.java:46] latitudeOnKeyPressed
2023-04-12 20:16:31,240 DEBUG [JavaFX Application Thread] s.n.m.Angle [Angle.java:130] Match case 3
2023-04-12 20:16:31,241 DEBUG [JavaFX Application Thread] s.n.m.Angle [Angle.java:132] 	group(1): 0111
2023-04-12 20:16:31,241 DEBUG [JavaFX Application Thread] s.n.m.Angle [Angle.java:132] 	group(2): 99
2023-04-12 20:16:31,242 DEBUG [JavaFX Application Thread] s.n.m.Angle [Angle.java:132] 	group(3): 9999
2023-04-12 20:16:31,243 DEBUG [JavaFX Application Thread] s.n.m.Angle [Angle.java:212] _angle
2023-04-12 20:16:31,243 DEBUG [JavaFX Application Thread] s.n.m.Angle [Angle.java:213] m
2023-04-12 20:16:31,243 DEBUG [JavaFX Application Thread] s.n.m.Angle [Angle.java:214] s
2023-04-12 20:16:31,416 DEBUG [JavaFX Application Thread] s.n.Controller [Controller.java:46] latitudeOnKeyPressed
2023-04-12 20:16:31,419 DEBUG [JavaFX Application Thread] s.n.m.Angle [Angle.java:130] Match case 3
2023-04-12 20:16:31,420 DEBUG [JavaFX Application Thread] s.n.m.Angle [Angle.java:132] 	group(1): 0111
2023-04-12 20:16:31,421 DEBUG [JavaFX Application Thread] s.n.m.Angle [Angle.java:132] 	group(2): 99
2023-04-12 20:16:31,422 DEBUG [JavaFX Application Thread] s.n.m.Angle [Angle.java:132] 	group(3): 999
2023-04-12 20:16:31,423 DEBUG [JavaFX Application Thread] s.n.m.Angle [Angle.java:212] _angle
2023-04-12 20:16:31,424 DEBUG [JavaFX Application Thread] s.n.m.Angle [Angle.java:213] m
2023-04-12 20:16:31,424 DEBUG [JavaFX Application Thread] s.n.m.Angle [Angle.java:214] s
2023-04-12 20:16:33,158 DEBUG [JavaFX Application Thread] s.n.Controller [Controller.java:46] latitudeOnKeyPressed
2023-04-12 20:16:33,159 DEBUG [JavaFX Application Thread] s.n.m.Angle [Angle.java:130] Match case 3
2023-04-12 20:16:33,161 DEBUG [JavaFX Application Thread] s.n.m.Angle [Angle.java:132] 	group(1): 0111
2023-04-12 20:16:33,161 DEBUG [JavaFX Application Thread] s.n.m.Angle [Angle.java:132] 	group(2): 99
2023-04-12 20:16:33,162 DEBUG [JavaFX Application Thread] s.n.m.Angle [Angle.java:132] 	group(3): 99
2023-04-12 20:16:33,163 DEBUG [JavaFX Application Thread] s.n.m.Angle [Angle.java:212] _angle
2023-04-12 20:16:33,164 DEBUG [JavaFX Application Thread] s.n.m.Angle [Angle.java:213] m
2023-04-12 20:16:33,164 DEBUG [JavaFX Application Thread] s.n.m.Angle [Angle.java:214] s
2023-04-12 20:16:33,397 DEBUG [JavaFX Application Thread] s.n.Controller [Controller.java:46] latitudeOnKeyPressed
2023-04-12 20:16:33,399 DEBUG [JavaFX Application Thread] s.n.m.Angle [Angle.java:130] Match case 3
2023-04-12 20:16:33,400 DEBUG [JavaFX Application Thread] s.n.m.Angle [Angle.java:132] 	group(1): 0111
2023-04-12 20:16:33,401 DEBUG [JavaFX Application Thread] s.n.m.Angle [Angle.java:132] 	group(2): 99
2023-04-12 20:16:33,402 DEBUG [JavaFX Application Thread] s.n.m.Angle [Angle.java:132] 	group(3): 9
2023-04-12 20:16:33,403 DEBUG [JavaFX Application Thread] s.n.m.Angle [Angle.java:212] _angle
2023-04-12 20:16:33,404 DEBUG [JavaFX Application Thread] s.n.m.Angle [Angle.java:213] m
2023-04-12 20:16:33,405 DEBUG [JavaFX Application Thread] s.n.m.Angle [Angle.java:214] s
2023-04-12 20:16:33,622 DEBUG [JavaFX Application Thread] s.n.Controller [Controller.java:46] latitudeOnKeyPressed
2023-04-12 20:16:33,623 DEBUG [JavaFX Application Thread] s.n.m.Angle [Angle.java:130] Match case 3
2023-04-12 20:16:33,623 DEBUG [JavaFX Application Thread] s.n.m.Angle [Angle.java:132] 	group(1): 0111
2023-04-12 20:16:33,624 DEBUG [JavaFX Application Thread] s.n.m.Angle [Angle.java:132] 	group(2): 99
2023-04-12 20:16:33,625 DEBUG [JavaFX Application Thread] s.n.m.Angle [Angle.java:132] 	group(3): 
2023-04-12 20:16:33,626 DEBUG [JavaFX Application Thread] s.n.m.Angle [Angle.java:212] _angle
2023-04-12 20:16:33,626 DEBUG [JavaFX Application Thread] s.n.m.Angle [Angle.java:213] m
2023-04-12 20:16:33,627 DEBUG [JavaFX Application Thread] s.n.m.Angle [Angle.java:214] s
2023-04-12 20:16:34,085 DEBUG [JavaFX Application Thread] s.n.Controller [Controller.java:46] latitudeOnKeyPressed
2023-04-12 20:16:34,086 DEBUG [JavaFX Application Thread] s.n.m.Angle [Angle.java:158] Match case 3.5
2023-04-12 20:16:34,087 DEBUG [JavaFX Application Thread] s.n.m.Angle [Angle.java:160] 	group(1): 0111
2023-04-12 20:16:34,088 DEBUG [JavaFX Application Thread] s.n.m.Angle [Angle.java:160] 	group(2): 99
2023-04-12 20:16:34,088 DEBUG [JavaFX Application Thread] s.n.m.Angle [Angle.java:212] _angle
2023-04-12 20:16:34,089 DEBUG [JavaFX Application Thread] s.n.m.Angle [Angle.java:213] m
2023-04-12 20:16:34,089 DEBUG [JavaFX Application Thread] s.n.m.Angle [Angle.java:214] s
2023-04-12 20:16:39,875 DEBUG [JavaFX Application Thread] s.n.Controller [Controller.java:46] latitudeOnKeyPressed
2023-04-12 20:16:39,875 DEBUG [JavaFX Application Thread] s.n.m.Angle [Angle.java:158] Match case 3.5
2023-04-12 20:16:39,875 DEBUG [JavaFX Application Thread] s.n.m.Angle [Angle.java:160] 	group(1): 0111
2023-04-12 20:16:39,875 DEBUG [JavaFX Application Thread] s.n.m.Angle [Angle.java:160] 	group(2): 9
2023-04-12 20:16:39,875 DEBUG [JavaFX Application Thread] s.n.m.Angle [Angle.java:212] _angle
2023-04-12 20:16:39,876 DEBUG [JavaFX Application Thread] s.n.m.Angle [Angle.java:213] m
2023-04-12 20:16:39,876 DEBUG [JavaFX Application Thread] s.n.m.Angle [Angle.java:214] s
2023-04-12 20:16:40,675 DEBUG [JavaFX Application Thread] s.n.Controller [Controller.java:46] latitudeOnKeyPressed
2023-04-12 20:16:40,676 DEBUG [JavaFX Application Thread] s.n.m.Angle [Angle.java:212] _angle
2023-04-12 20:16:40,676 DEBUG [JavaFX Application Thread] s.n.m.Angle [Angle.java:213] m
2023-04-12 20:16:40,676 DEBUG [JavaFX Application Thread] s.n.m.Angle [Angle.java:214] s
2023-04-12 20:16:41,526 DEBUG [JavaFX Application Thread] s.n.Controller [Controller.java:46] latitudeOnKeyPressed
2023-04-12 20:16:41,527 DEBUG [JavaFX Application Thread] s.n.m.Angle [Angle.java:158] Match case 3.5
2023-04-12 20:16:41,528 DEBUG [JavaFX Application Thread] s.n.m.Angle [Angle.java:160] 	group(1): 0111
2023-04-12 20:16:41,530 DEBUG [JavaFX Application Thread] s.n.m.Angle [Angle.java:160] 	group(2): 5
2023-04-12 20:16:41,531 DEBUG [JavaFX Application Thread] s.n.m.Angle [Angle.java:212] _angle
2023-04-12 20:16:41,532 DEBUG [JavaFX Application Thread] s.n.m.Angle [Angle.java:213] m
2023-04-12 20:16:41,532 DEBUG [JavaFX Application Thread] s.n.m.Angle [Angle.java:214] s
2023-04-12 20:16:41,620 DEBUG [JavaFX Application Thread] s.n.Controller [Controller.java:46] latitudeOnKeyPressed
2023-04-12 20:16:41,620 DEBUG [JavaFX Application Thread] s.n.m.Angle [Angle.java:158] Match case 3.5
2023-04-12 20:16:41,620 DEBUG [JavaFX Application Thread] s.n.m.Angle [Angle.java:160] 	group(1): 0111
2023-04-12 20:16:41,620 DEBUG [JavaFX Application Thread] s.n.m.Angle [Angle.java:160] 	group(2): 59
2023-04-12 20:16:41,621 DEBUG [JavaFX Application Thread] s.n.m.Angle [Angle.java:212] _angle
2023-04-12 20:16:41,621 DEBUG [JavaFX Application Thread] s.n.m.Angle [Angle.java:213] m
2023-04-12 20:16:41,621 DEBUG [JavaFX Application Thread] s.n.m.Angle [Angle.java:214] s
2023-04-12 20:16:45,574 DEBUG [JavaFX Application Thread] s.n.Controller [Controller.java:46] latitudeOnKeyPressed
2023-04-12 20:16:45,575 DEBUG [JavaFX Application Thread] s.n.m.Angle [Angle.java:130] Match case 3
2023-04-12 20:16:45,576 DEBUG [JavaFX Application Thread] s.n.m.Angle [Angle.java:132] 	group(1): 0111
2023-04-12 20:16:45,577 DEBUG [JavaFX Application Thread] s.n.m.Angle [Angle.java:132] 	group(2): 59
2023-04-12 20:16:45,578 DEBUG [JavaFX Application Thread] s.n.m.Angle [Angle.java:132] 	group(3): 
2023-04-12 20:16:45,578 DEBUG [JavaFX Application Thread] s.n.m.Angle [Angle.java:212] _angle
2023-04-12 20:16:45,578 DEBUG [JavaFX Application Thread] s.n.m.Angle [Angle.java:213] m
2023-04-12 20:16:45,578 DEBUG [JavaFX Application Thread] s.n.m.Angle [Angle.java:214] s
2023-04-12 20:16:48,775 DEBUG [JavaFX Application Thread] s.n.Controller [Controller.java:46] latitudeOnKeyPressed
2023-04-12 20:16:48,776 DEBUG [JavaFX Application Thread] s.n.m.Angle [Angle.java:130] Match case 3
2023-04-12 20:16:48,777 DEBUG [JavaFX Application Thread] s.n.m.Angle [Angle.java:132] 	group(1): 0111
2023-04-12 20:16:48,778 DEBUG [JavaFX Application Thread] s.n.m.Angle [Angle.java:132] 	group(2): 59
2023-04-12 20:16:48,780 DEBUG [JavaFX Application Thread] s.n.m.Angle [Angle.java:132] 	group(3): 1
2023-04-12 20:16:48,782 DEBUG [JavaFX Application Thread] s.n.m.Angle [Angle.java:212] _angle
2023-04-12 20:16:48,782 DEBUG [JavaFX Application Thread] s.n.m.Angle [Angle.java:213] m
2023-04-12 20:16:48,784 DEBUG [JavaFX Application Thread] s.n.m.Angle [Angle.java:214] s
2023-04-12 20:16:49,273 DEBUG [JavaFX Application Thread] s.n.Controller [Controller.java:46] latitudeOnKeyPressed
2023-04-12 20:16:49,274 DEBUG [JavaFX Application Thread] s.n.m.Angle [Angle.java:130] Match case 3
2023-04-12 20:16:49,275 DEBUG [JavaFX Application Thread] s.n.m.Angle [Angle.java:132] 	group(1): 0111
2023-04-12 20:16:49,276 DEBUG [JavaFX Application Thread] s.n.m.Angle [Angle.java:132] 	group(2): 59
2023-04-12 20:16:49,277 DEBUG [JavaFX Application Thread] s.n.m.Angle [Angle.java:132] 	group(3): 11
2023-04-12 20:16:49,278 DEBUG [JavaFX Application Thread] s.n.m.Angle [Angle.java:212] _angle
2023-04-12 20:16:49,279 DEBUG [JavaFX Application Thread] s.n.m.Angle [Angle.java:213] m
2023-04-12 20:16:49,279 DEBUG [JavaFX Application Thread] s.n.m.Angle [Angle.java:214] s
2023-04-12 20:16:49,475 DEBUG [JavaFX Application Thread] s.n.Controller [Controller.java:46] latitudeOnKeyPressed
2023-04-12 20:16:49,475 DEBUG [JavaFX Application Thread] s.n.m.Angle [Angle.java:130] Match case 3
2023-04-12 20:16:49,476 DEBUG [JavaFX Application Thread] s.n.m.Angle [Angle.java:132] 	group(1): 0111
2023-04-12 20:16:49,476 DEBUG [JavaFX Application Thread] s.n.m.Angle [Angle.java:132] 	group(2): 59
2023-04-12 20:16:49,476 DEBUG [JavaFX Application Thread] s.n.m.Angle [Angle.java:132] 	group(3): 111
2023-04-12 20:16:49,477 DEBUG [JavaFX Application Thread] s.n.m.Angle [Angle.java:212] _angle
2023-04-12 20:16:49,477 DEBUG [JavaFX Application Thread] s.n.m.Angle [Angle.java:213] m
2023-04-12 20:16:49,477 DEBUG [JavaFX Application Thread] s.n.m.Angle [Angle.java:214] s
2023-04-12 20:16:49,670 DEBUG [JavaFX Application Thread] s.n.Controller [Controller.java:46] latitudeOnKeyPressed
2023-04-12 20:16:49,671 DEBUG [JavaFX Application Thread] s.n.m.Angle [Angle.java:130] Match case 3
2023-04-12 20:16:49,672 DEBUG [JavaFX Application Thread] s.n.m.Angle [Angle.java:132] 	group(1): 0111
2023-04-12 20:16:49,673 DEBUG [JavaFX Application Thread] s.n.m.Angle [Angle.java:132] 	group(2): 59
2023-04-12 20:16:49,673 DEBUG [JavaFX Application Thread] s.n.m.Angle [Angle.java:132] 	group(3): 1111
2023-04-12 20:16:49,674 DEBUG [JavaFX Application Thread] s.n.m.Angle [Angle.java:212] _angle
2023-04-12 20:16:49,675 DEBUG [JavaFX Application Thread] s.n.m.Angle [Angle.java:213] m
2023-04-12 20:16:49,677 DEBUG [JavaFX Application Thread] s.n.m.Angle [Angle.java:214] s
2023-04-12 20:16:56,423 DEBUG [JavaFX Application Thread] s.n.Controller [Controller.java:46] latitudeOnKeyPressed
2023-04-12 20:16:56,425 DEBUG [JavaFX Application Thread] s.n.m.Angle [Angle.java:130] Match case 3
2023-04-12 20:16:56,426 DEBUG [JavaFX Application Thread] s.n.m.Angle [Angle.java:132] 	group(1): 0111
2023-04-12 20:16:56,426 DEBUG [JavaFX Application Thread] s.n.m.Angle [Angle.java:132] 	group(2): 59
2023-04-12 20:16:56,427 DEBUG [JavaFX Application Thread] s.n.m.Angle [Angle.java:132] 	group(3): 1111
2023-04-12 20:16:56,429 DEBUG [JavaFX Application Thread] s.n.m.Angle [Angle.java:212] _angle
2023-04-12 20:16:56,429 DEBUG [JavaFX Application Thread] s.n.m.Angle [Angle.java:213] m
2023-04-12 20:16:56,430 DEBUG [JavaFX Application Thread] s.n.m.Angle [Angle.java:214] s
2023-04-12 20:17:00,741 DEBUG [JavaFX Application Thread] s.n.Controller [Controller.java:46] latitudeOnKeyPressed
2023-04-12 20:17:00,742 DEBUG [JavaFX Application Thread] s.n.m.Angle [Angle.java:130] Match case 3
2023-04-12 20:17:00,743 DEBUG [JavaFX Application Thread] s.n.m.Angle [Angle.java:132] 	group(1): 011
2023-04-12 20:17:00,744 DEBUG [JavaFX Application Thread] s.n.m.Angle [Angle.java:132] 	group(2): 59
2023-04-12 20:17:00,746 DEBUG [JavaFX Application Thread] s.n.m.Angle [Angle.java:132] 	group(3): 1111
2023-04-12 20:17:00,746 DEBUG [JavaFX Application Thread] s.n.m.Angle [Angle.java:212] _angle
2023-04-12 20:17:00,746 DEBUG [JavaFX Application Thread] s.n.m.Angle [Angle.java:213] m
2023-04-12 20:17:00,746 DEBUG [JavaFX Application Thread] s.n.m.Angle [Angle.java:214] s
2023-04-12 20:17:00,902 DEBUG [JavaFX Application Thread] s.n.Controller [Controller.java:46] latitudeOnKeyPressed
2023-04-12 20:17:00,903 DEBUG [JavaFX Application Thread] s.n.m.Angle [Angle.java:130] Match case 3
2023-04-12 20:17:00,904 DEBUG [JavaFX Application Thread] s.n.m.Angle [Angle.java:132] 	group(1): 01
2023-04-12 20:17:00,904 DEBUG [JavaFX Application Thread] s.n.m.Angle [Angle.java:132] 	group(2): 59
2023-04-12 20:17:00,905 DEBUG [JavaFX Application Thread] s.n.m.Angle [Angle.java:132] 	group(3): 1111
2023-04-12 20:17:00,906 DEBUG [JavaFX Application Thread] s.n.m.Angle [Angle.java:212] _angle
2023-04-12 20:17:00,906 DEBUG [JavaFX Application Thread] s.n.m.Angle [Angle.java:213] m
2023-04-12 20:17:00,907 DEBUG [JavaFX Application Thread] s.n.m.Angle [Angle.java:214] s
2023-04-12 20:17:01,097 DEBUG [JavaFX Application Thread] s.n.Controller [Controller.java:46] latitudeOnKeyPressed
2023-04-12 20:17:01,098 DEBUG [JavaFX Application Thread] s.n.m.Angle [Angle.java:130] Match case 3
2023-04-12 20:17:01,099 DEBUG [JavaFX Application Thread] s.n.m.Angle [Angle.java:132] 	group(1): 1
2023-04-12 20:17:01,100 DEBUG [JavaFX Application Thread] s.n.m.Angle [Angle.java:132] 	group(2): 59
2023-04-12 20:17:01,101 DEBUG [JavaFX Application Thread] s.n.m.Angle [Angle.java:132] 	group(3): 1111
2023-04-12 20:17:01,102 DEBUG [JavaFX Application Thread] s.n.m.Angle [Angle.java:212] _angle
2023-04-12 20:17:01,103 DEBUG [JavaFX Application Thread] s.n.m.Angle [Angle.java:213] m
2023-04-12 20:17:01,104 DEBUG [JavaFX Application Thread] s.n.m.Angle [Angle.java:214] s
